This is pdfTeX, Version 3.141592653-2.6-1.40.28 (MiKTeX 25.12) (preloaded format=pdflatex 2026.1.26)  3 JUN 2026 02:07
entering extended mode
 restricted \write18 enabled.
 %&-line parsing enabled.
**f:/universidad/3º/REACTORES/2025/RQ/Reactores-Quimicos/RQ-master/Capitulos/E
xamenes_teoria.tex

(f:/universidad/3º/REACTORES/2025/RQ/Reactores-Quimicos/RQ-master/Capitulos/Ex
amenes_teoria.tex
LaTeX2e <2025-11-01>
L3 programming layer <2025-12-29>
! Undefined control sequence.
l.1 \chapter
            {Examenes de teoría}
The control sequence at the end of the top line
of your error message was never \def'ed. If you have
misspelled it (e.g., `\hobx'), type `I' and the correct
spelling (e.g., `I\hbox'). Otherwise just continue,
and I'll forget about whatever was undefined.

 
Here is how much of TeX's memory you used:
 17 strings out of 467871
 645 string characters out of 5435692
 433733 words of memory out of 5000000
 28995 multiletter control sequences out of 15000+600000
 627721 words of font info for 40 fonts, out of 8000000 for 9000
 1141 hyphenation exceptions out of 8191
 12i,0n,13p,156b,8s stack positions out of 10000i,1000n,20000p,200000b,200000s
!  ==> Fatal error occurred, no output PDF file produced!
