INFO:  latexindent.pl version 3.24.7, 2025-08-15, a script to indent .tex files
       latexindent.pl lives here: E:/Latex/scripts/latexindent/
       Sun May  3 22:43:46 2026
       Filename: f:/universidad/3º/REACTORES/2025/RQ/Reactores-Quimicos/RQ-master/Capitulos/__latexindent_temp_RCFP.tex
INFO:  Processing switches:
       -y|--yaml: YAML settings specified via command line
       -c|--cruft: cruft directory
INFO:  Directory for backup files and log file f:\universidad\3º\REACTORES\2025\RQ\Reactores-Quimicos\RQ-master\indent.log:
       f:\universidad\3º\REACTORES\2025\RQ\Reactores-Quimicos\RQ-master\
INFO:  Perl modules are being loaded from the following directories:
       E:/Perl/perl/lib/FindBin.pm
       E:/Perl/perl/vendor/lib/YAML/Tiny.pm
       E:/Perl/perl/lib/File/Copy.pm
       E:/Perl/perl/lib/File/Basename.pm
       E:/Perl/perl/lib/Getopt/Long.pm
       E:/Perl/perl/vendor/lib/File/HomeDir.pm
INFO:  LatexIndent perl modules are being loaded from, for example:
       E:/Latex/scripts/latexindent/LatexIndent/Document.pm
INFO:  YAML settings read: defaultSettings.yaml
       Reading defaultSettings.yaml from E:/Latex/scripts/latexindent/defaultSettings.yaml
INFO:  YAML reading settings
       Home directory is C:\Users\chris
       latexindent.pl didn't find indentconfig.yaml or .indentconfig.yaml
       see all possible locations: https://latexindentpl.readthedocs.io/en/latest/sec-appendices.html#indentconfig-options)
INFO:  YAML settings read: -y switch
       YAML setting: defaultIndent:'    '
       single-quoted string found in -y switch: '    ', substitute to     
       Updating mainSettings with defaultIndent:     
INFO:  Phase 1: searching for objects
INFO:  Phase 2: finding surrounding indentation
INFO:  Phase 3: indenting objects
INFO:  Phase 4: final indentation check
INFO:  Output routine:
       Not outputting to file; see -w and -o switches for more options.
       --------------
INFO:  Please direct all communication/issues to:
        https://github.com/cmhughes/latexindent.pl
