This is pdfTeX, Version 3.141592653-2.6-1.40.28 (MiKTeX 25.12) (preloaded format=pdflatex 2026.1.26)  14 APR 2026 07:16
entering extended mode
 \write18 enabled.
 file:line:error style messages enabled.
 %&-line parsing enabled.
**f:/universidad/3º/REACTORES/2025/RQ/Reactores-Quimicos/RQ-master/template.tex
(f:/universidad/3º/REACTORES/2025/RQ/Reactores-Quimicos/RQ-master/template.tex
LaTeX2e <2025-11-01>
L3 programming layer <2025-12-29>
(E:\Latex\tex/latex/base\report.cls
Document Class: report 2025/01/22 v1.4n Standard LaTeX document class
(E:\Latex\tex/latex/base\size10.clo
File: size10.clo 2025/01/22 v1.4n Standard LaTeX file (size option)
)
\c@part=\count275
\c@chapter=\count276
\c@section=\count277
\c@subsection=\count278
\c@subsubsection=\count279
\c@paragraph=\count280
\c@subparagraph=\count281
\c@figure=\count282
\c@table=\count283
\abovecaptionskip=\skip49
\belowcaptionskip=\skip50
\bibindent=\dimen148
) (preamble.tex (E:\Latex\tex/latex/base\inputenc.sty
Package: inputenc 2024/02/08 v1.3d Input encoding file
\inpenc@prehook=\toks17
\inpenc@posthook=\toks18
) (E:\Latex\tex/latex/base\fontenc.sty
Package: fontenc 2025/07/18 v2.1d Standard LaTeX package
) (E:\Latex\tex/latex/lm\lmodern.sty
Package: lmodern 2015/05/01 v1.6.1 Latin Modern Fonts
LaTeX Font Info:    Overwriting symbol font `operators' in version `normal'
(Font)                  OT1/cmr/m/n --> OT1/lmr/m/n on input line 22.
LaTeX Font Info:    Overwriting symbol font `letters' in version `normal'
(Font)                  OML/cmm/m/it --> OML/lmm/m/it on input line 23.
LaTeX Font Info:    Overwriting symbol font `symbols' in version `normal'
(Font)                  OMS/cmsy/m/n --> OMS/lmsy/m/n on input line 24.
LaTeX Font Info:    Overwriting symbol font `largesymbols' in version `normal'
(Font)                  OMX/cmex/m/n --> OMX/lmex/m/n on input line 25.
LaTeX Font Info:    Overwriting symbol font `operators' in version `bold'
(Font)                  OT1/cmr/bx/n --> OT1/lmr/bx/n on input line 26.
LaTeX Font Info:    Overwriting symbol font `letters' in version `bold'
(Font)                  OML/cmm/b/it --> OML/lmm/b/it on input line 27.
LaTeX Font Info:    Overwriting symbol font `symbols' in version `bold'
(Font)                  OMS/cmsy/b/n --> OMS/lmsy/b/n on input line 28.
LaTeX Font Info:    Overwriting symbol font `largesymbols' in version `bold'
(Font)                  OMX/cmex/m/n --> OMX/lmex/m/n on input line 29.
LaTeX Font Info:    Overwriting math alphabet `\mathbf' in version `normal'
(Font)                  OT1/cmr/bx/n --> OT1/lmr/bx/n on input line 31.
LaTeX Font Info:    Overwriting math alphabet `\mathsf' in version `normal'
(Font)                  OT1/cmss/m/n --> OT1/lmss/m/n on input line 32.
LaTeX Font Info:    Overwriting math alphabet `\mathit' in version `normal'
(Font)                  OT1/cmr/m/it --> OT1/lmr/m/it on input line 33.
LaTeX Font Info:    Overwriting math alphabet `\mathtt' in version `normal'
(Font)                  OT1/cmtt/m/n --> OT1/lmtt/m/n on input line 34.
LaTeX Font Info:    Overwriting math alphabet `\mathbf' in version `bold'
(Font)                  OT1/cmr/bx/n --> OT1/lmr/bx/n on input line 35.
LaTeX Font Info:    Overwriting math alphabet `\mathsf' in version `bold'
(Font)                  OT1/cmss/bx/n --> OT1/lmss/bx/n on input line 36.
LaTeX Font Info:    Overwriting math alphabet `\mathit' in version `bold'
(Font)                  OT1/cmr/bx/it --> OT1/lmr/bx/it on input line 37.
LaTeX Font Info:    Overwriting math alphabet `\mathtt' in version `bold'
(Font)                  OT1/cmtt/m/n --> OT1/lmtt/m/n on input line 38.
) (E:\Latex\tex/latex/graphics\graphicx.sty
Package: graphicx 2024/12/31 v1.2e Enhanced LaTeX Graphics (DPC,SPQR)
 (E:\Latex\tex/latex/graphics\keyval.sty
Package: keyval 2022/05/29 v1.15 key=value parser (DPC)
\KV@toks@=\toks19
) (E:\Latex\tex/latex/graphics\graphics.sty
Package: graphics 2024/08/06 v1.4g Standard LaTeX Graphics (DPC,SPQR)
 (E:\Latex\tex/latex/graphics\trig.sty
Package: trig 2023/12/02 v1.11 sin cos tan (DPC)
) (E:\Latex\tex/latex/graphics-cfg\graphics.cfg
File: graphics.cfg 2016/06/04 v1.11 sample graphics configuration
)
Package graphics Info: Driver file: pdftex.def on input line 106.
 (E:\Latex\tex/latex/graphics-def\pdftex.def
File: pdftex.def 2025/09/29 v1.2d Graphics/color driver for pdftex
))
\Gin@req@height=\dimen149
\Gin@req@width=\dimen150
) (E:\Latex\tex/generic/babel\babel.sty
Package: babel 2025/12/30 v25.18 The multilingual framework for LuaLaTeX, pdfLaTeX and XeLaTeX
\babel@savecnt=\count284
LaTeX Encoding Info:    Redeclaring text command \ij (encoding OT1) on input line 2068.
LaTeX Encoding Info:    Redeclaring text command \IJ (encoding OT1) on input line 2070.
LaTeX Encoding Info:    Redeclaring text command \ij (encoding T1) on input line 2072.
LaTeX Encoding Info:    Redeclaring text command \IJ (encoding T1) on input line 2073.
LaTeX Encoding Info:    Ignoring declaration for text command \ij (encoding ?) on input line 2074.
LaTeX Encoding Info:    Ignoring declaration for text command \IJ (encoding ?) on input line 2076.
LaTeX Encoding Info:    Ignoring declaration for text command \SS (encoding ?) on input line 2101.
\U@D=\dimen151
\l@unhyphenated=\language79
 (E:\Latex\tex/generic/babel\txtbabel.def)
\bbl@readstream=\read2
\bbl@dirlevel=\count285
Package babel Info: Configuration files are deprecated, as
(babel)             they can break document portability.
(babel)             Reported on input line 4197.

*************************************
* Local config file bblopts.cfg used
*
(E:\Latex\tex/latex/arabi\bblopts.cfg
File: bblopts.cfg 2005/09/08 v0.1 add Arabic and Farsi to "declared" options of babel
) (E:\Latex\tex/generic/babel/locale/es\babel-spanish.tex)
Package babel Info: Importing font and identification data for spanish
(babel)             from babel-es.ini. Reported on input line 4321.
 (E:\Latex\tex/latex/babel-spanish\spanish.ldf
Language: spanish.ldf 2021/05/27 v5.0q Spanish support from the babel system
\es@quottoks=\toks20
\es@quotdepth=\count286
Package babel Info: Making " an active character on input line 570.
Package babel Info: Making . an active character on input line 675.
Package babel Info: Making < an active character on input line 722.
Package babel Info: Making > an active character on input line 722.
))
LaTeX Encoding Info:    Redeclaring text command \guillemotleft (encoding OT1) on input line 15.
LaTeX Encoding Info:    Redeclaring text command \guillemotright (encoding OT1) on input line 15.
 (E:\Latex\tex/latex/geometry\geometry.sty
Package: geometry 2020/01/02 v5.9 Page Geometry
 (E:\Latex\tex/generic/iftex\ifvtex.sty
Package: ifvtex 2019/10/25 v1.7 ifvtex legacy package. Use iftex instead.
 (E:\Latex\tex/generic/iftex\iftex.sty
Package: iftex 2024/12/12 v1.0g TeX engine tests
))
\Gm@cnth=\count287
\Gm@cntv=\count288
\c@Gm@tempcnt=\count289
\Gm@bindingoffset=\dimen152
\Gm@wd@mp=\dimen153
\Gm@odd@mp=\dimen154
\Gm@even@mp=\dimen155
\Gm@layoutwidth=\dimen156
\Gm@layoutheight=\dimen157
\Gm@layouthoffset=\dimen158
\Gm@layoutvoffset=\dimen159
\Gm@dimlist=\toks21
 (E:\Latex\tex/latex/geometry\geometry.cfg)) (E:\Latex\tex/latex/amsmath\amsmath.sty
Package: amsmath 2025/07/09 v2.17z AMS math features
\@mathmargin=\skip51

For additional information on amsmath, use the `?' option.
(E:\Latex\tex/latex/amsmath\amstext.sty
Package: amstext 2024/11/17 v2.01 AMS text
 (E:\Latex\tex/latex/amsmath\amsgen.sty
File: amsgen.sty 1999/11/30 v2.0 generic functions
\@emptytoks=\toks22
\ex@=\dimen160
)) (E:\Latex\tex/latex/amsmath\amsbsy.sty
Package: amsbsy 1999/11/29 v1.2d Bold Symbols
\pmbraise@=\dimen161
) (E:\Latex\tex/latex/amsmath\amsopn.sty
Package: amsopn 2022/04/08 v2.04 operator names
)
\inf@bad=\count290
LaTeX Info: Redefining \frac on input line 233.
\uproot@=\count291
\leftroot@=\count292
LaTeX Info: Redefining \overline on input line 398.
LaTeX Info: Redefining \colon on input line 409.
\classnum@=\count293
\DOTSCASE@=\count294
LaTeX Info: Redefining \ldots on input line 495.
LaTeX Info: Redefining \dots on input line 498.
LaTeX Info: Redefining \cdots on input line 619.
\Mathstrutbox@=\box53
\strutbox@=\box54
LaTeX Info: Redefining \big on input line 721.
LaTeX Info: Redefining \Big on input line 722.
LaTeX Info: Redefining \bigg on input line 723.
LaTeX Info: Redefining \Bigg on input line 724.
\big@size=\dimen162
LaTeX Font Info:    Redeclaring font encoding OML on input line 742.
LaTeX Font Info:    Redeclaring font encoding OMS on input line 743.
\macc@depth=\count295
LaTeX Info: Redefining \bmod on input line 904.
LaTeX Info: Redefining \pmod on input line 909.
LaTeX Info: Redefining \smash on input line 939.
LaTeX Info: Redefining \relbar on input line 969.
LaTeX Info: Redefining \Relbar on input line 970.
\c@MaxMatrixCols=\count296
\dotsspace@=\muskip17
\c@parentequation=\count297
\dspbrk@lvl=\count298
\tag@help=\toks23
\row@=\count299
\column@=\count300
\maxfields@=\count301
\andhelp@=\toks24
\eqnshift@=\dimen163
\alignsep@=\dimen164
\tagshift@=\dimen165
\tagwidth@=\dimen166
\totwidth@=\dimen167
\lineht@=\dimen168
\@envbody=\toks25
\multlinegap=\skip52
\multlinetaggap=\skip53
\mathdisplay@stack=\toks26
LaTeX Info: Redefining \[ on input line 2950.
LaTeX Info: Redefining \] on input line 2951.
) (E:\Latex\tex/latex/amsfonts\amsfonts.sty
Package: amsfonts 2013/01/14 v3.01 Basic AMSFonts support
\symAMSa=\mathgroup4
\symAMSb=\mathgroup5
LaTeX Font Info:    Redeclaring math symbol \hbar on input line 98.
LaTeX Font Info:    Overwriting math alphabet `\mathfrak' in version `bold'
(Font)                  U/euf/m/n --> U/euf/b/n on input line 106.
) (E:\Latex\tex/latex/amscls\amsthm.sty
Package: amsthm 2020/05/29 v2.20.6
\thm@style=\toks27
\thm@bodyfont=\toks28
\thm@headfont=\toks29
\thm@notefont=\toks30
\thm@headpunct=\toks31
\thm@preskip=\skip54
\thm@postskip=\skip55
\thm@headsep=\skip56
\dth@everypar=\toks32
) (E:\Latex\tex/latex/amsfonts\amssymb.sty
Package: amssymb 2013/01/14 v3.01 AMS font symbols
) (E:\Latex\tex/latex/mathtools\mathtools.sty
Package: mathtools 2024/10/04 v1.31 mathematical typesetting tools
 (E:\Latex\tex/latex/tools\calc.sty
Package: calc 2025/03/01 v4.3b Infix arithmetic (KKT,FJ)
\calc@Acount=\count302
\calc@Bcount=\count303
\calc@Adimen=\dimen169
\calc@Bdimen=\dimen170
\calc@Askip=\skip57
\calc@Bskip=\skip58
LaTeX Info: Redefining \setlength on input line 86.
LaTeX Info: Redefining \addtolength on input line 87.
\calc@Ccount=\count304
\calc@Cskip=\skip59
) (E:\Latex\tex/latex/mathtools\mhsetup.sty
Package: mhsetup 2021/03/18 v1.4 programming setup (MH)
)
\g_MT_multlinerow_int=\count305
\l_MT_multwidth_dim=\dimen171
\origjot=\skip60
\l_MT_shortvdotswithinadjustabove_dim=\dimen172
\l_MT_shortvdotswithinadjustbelow_dim=\dimen173
\l_MT_above_intertext_sep=\dimen174
\l_MT_below_intertext_sep=\dimen175
\l_MT_above_shortintertext_sep=\dimen176
\l_MT_below_shortintertext_sep=\dimen177
\xmathstrut@box=\box55
\xmathstrut@dim=\dimen178
) (E:\Latex\tex/latex/newpx\newpxmath.sty
Package: newpxmath 2025/10/30 v1.551 LaTeX math support for newpx (Michael Sharpe)
 `newpxmath' v1.551, 2025/10/30 Math macros based on pxfonts (msharpe) (E:\Latex\tex/latex/etoolbox\etoolbox.sty
Package: etoolbox 2025/10/02 v2.5m e-TeX tools for LaTeX (JAW)
\etb@tempcnta=\count306
) (E:\Latex\tex/generic/binhex\binhex.tex) (E:\Latex\tex/latex/xkeyval\xkeyval.sty
Package: xkeyval 2022/06/16 v2.9 package option processing (HA)
 (E:\Latex\tex/generic/xkeyval\xkeyval.tex (E:\Latex\tex/generic/xkeyval\xkvutils.tex
\XKV@toks=\toks33
\XKV@tempa@toks=\toks34
)
\XKV@depth=\count307
File: xkeyval.tex 2014/12/03 v2.7a key=value parser (HA)
)) (E:\Latex\tex/latex/oberdiek\centernot.sty
Package: centernot 2016/05/16 v1.4 Centers the not symbol horizontally (HO)
)
\px@tA=\toks35
\px@tB=\toks36
\px@su=\read3
\px@Isdigit=\count308

amsthm NOT loaded
LaTeX Font Info:    Redeclaring symbol font `operators' on input line 224.
LaTeX Font Info:    Overwriting symbol font `operators' in version `normal'
(Font)                  OT1/lmr/m/n --> OT1/lmr/m/n on input line 224.
LaTeX Font Info:    Overwriting symbol font `operators' in version `bold'
(Font)                  OT1/lmr/bx/n --> OT1/lmr/m/n on input line 224.
LaTeX Font Info:    Overwriting symbol font `operators' in version `bold'
(Font)                  OT1/lmr/m/n --> OT1/lmr/b/n on input line 225.
LaTeX Font Info:    Redeclaring math alphabet \mathsf on input line 228.
LaTeX Font Info:    Overwriting math alphabet `\mathsf' in version `normal'
(Font)                  OT1/lmss/m/n --> T1/lmss/m/n on input line 228.
LaTeX Font Info:    Overwriting math alphabet `\mathsf' in version `bold'
(Font)                  OT1/lmss/bx/n --> T1/lmss/m/n on input line 228.
LaTeX Font Info:    Redeclaring math alphabet \mathit on input line 229.
LaTeX Font Info:    Overwriting math alphabet `\mathit' in version `normal'
(Font)                  OT1/lmr/m/it --> OT1/lmr/m/it on input line 229.
LaTeX Font Info:    Overwriting math alphabet `\mathit' in version `bold'
(Font)                  OT1/lmr/bx/it --> OT1/lmr/m/it on input line 229.
LaTeX Font Info:    Redeclaring math alphabet \mathtt on input line 230.
LaTeX Font Info:    Overwriting math alphabet `\mathtt' in version `normal'
(Font)                  OT1/lmtt/m/n --> T1/lmtt/m/n on input line 230.
LaTeX Font Info:    Overwriting math alphabet `\mathtt' in version `bold'
(Font)                  OT1/lmtt/m/n --> T1/lmtt/m/n on input line 230.
LaTeX Font Info:    Redeclaring math alphabet \mathbf on input line 232.
LaTeX Font Info:    Overwriting math alphabet `\mathbf' in version `normal'
(Font)                  OT1/lmr/bx/n --> OT1/lmr/b/n on input line 232.
LaTeX Font Info:    Overwriting math alphabet `\mathbf' in version `bold'
(Font)                  OT1/lmr/bx/n --> OT1/lmr/b/n on input line 232.
LaTeX Font Info:    Overwriting math alphabet `\mathit' in version `bold'
(Font)                  OT1/lmr/m/it --> OT1/lmr/b/it on input line 233.
LaTeX Font Info:    Overwriting math alphabet `\mathsf' in version `bold'
(Font)                  T1/lmss/m/n --> T1/lmss/b/n on input line 235.
LaTeX Font Info:    Overwriting math alphabet `\mathtt' in version `bold'
(Font)                  T1/lmtt/m/n --> T1/lmtt/b/n on input line 236.
LaTeX Font Info:    Redeclaring symbol font `letters' on input line 247.
LaTeX Font Info:    Overwriting symbol font `letters' in version `normal'
(Font)                  OML/lmm/m/it --> OML/npxmi/m/it on input line 247.
LaTeX Font Info:    Overwriting symbol font `letters' in version `bold'
(Font)                  OML/lmm/b/it --> OML/npxmi/m/it on input line 247.
LaTeX Font Info:    Overwriting symbol font `letters' in version `bold'
(Font)                  OML/npxmi/m/it --> OML/npxmi/b/it on input line 248.
\symlettersA=\mathgroup6
LaTeX Font Info:    Overwriting symbol font `lettersA' in version `bold'
(Font)                  U/npxmia/m/it --> U/npxmia/b/it on input line 266.
LaTeX Font Info:    Redeclaring math alphabet \mathfrak on input line 268.
Now handling font encoding LMS ...
... no UTF-8 mapping file for font encoding LMS
LaTeX Font Info:    Redeclaring symbol font `symbols' on input line 276.
LaTeX Font Info:    Encoding `OMS' has changed to `LMS' for symbol font
(Font)              `symbols' in the math version `normal' on input line 276.
LaTeX Font Info:    Overwriting symbol font `symbols' in version `normal'
(Font)                  OMS/lmsy/m/n --> LMS/npxsy/m/n on input line 276.
LaTeX Font Info:    Encoding `OMS' has changed to `LMS' for symbol font
(Font)              `symbols' in the math version `bold' on input line 276.
LaTeX Font Info:    Overwriting symbol font `symbols' in version `bold'
(Font)                  OMS/lmsy/b/n --> LMS/npxsy/m/n on input line 276.
LaTeX Font Info:    Overwriting symbol font `symbols' in version `bold'
(Font)                  LMS/npxsy/m/n --> LMS/npxsy/b/n on input line 277.
\symAMSm=\mathgroup7
LaTeX Font Info:    Overwriting symbol font `AMSm' in version `bold'
(Font)                  U/npxsym/m/n --> U/npxsym/b/n on input line 297.
\symsymbolsC=\mathgroup8
LaTeX Font Info:    Overwriting symbol font `symbolsC' in version `bold'
(Font)                  U/npxsyc/m/n --> U/npxsyc/b/n on input line 319.
Now handling font encoding LMX ...
... no UTF-8 mapping file for font encoding LMX
LaTeX Font Info:    Redeclaring symbol font `largesymbols' on input line 339.
LaTeX Font Info:    Encoding `OMX' has changed to `LMX' for symbol font
(Font)              `largesymbols' in the math version `normal' on input line 339.
LaTeX Font Info:    Overwriting symbol font `largesymbols' in version `normal'
(Font)                  OMX/lmex/m/n --> LMX/npxexx/m/n on input line 339.
LaTeX Font Info:    Encoding `OMX' has changed to `LMX' for symbol font
(Font)              `largesymbols' in the math version `bold' on input line 339.
LaTeX Font Info:    Overwriting symbol font `largesymbols' in version `bold'
(Font)                  OMX/lmex/m/n --> LMX/npxexx/m/n on input line 339.
LaTeX Font Info:    Overwriting symbol font `largesymbols' in version `bold'
(Font)                  LMX/npxexx/m/n --> LMX/npxexx/b/n on input line 340.
\symlargesymbolsPXA=\mathgroup9
LaTeX Font Info:    Overwriting symbol font `largesymbolsPXA' in version `bold'
(Font)                  U/npxexa/m/n --> U/npxexa/b/n on input line 347.
\px@cntz=\count309
\px@IsAlNum=\count310
\px@sbptoks=\toks37
LaTeX Font Info:    Redeclaring math delimiter \lfloor on input line 502.
LaTeX Font Info:    Redeclaring math delimiter \rfloor on input line 503.
LaTeX Font Info:    Redeclaring math delimiter \lceil on input line 504.
LaTeX Font Info:    Redeclaring math delimiter \rceil on input line 505.
LaTeX Font Info:    Redeclaring math delimiter \lbrace on input line 510.
LaTeX Font Info:    Redeclaring math delimiter \rbrace on input line 511.
LaTeX Font Info:    Redeclaring math delimiter \langle on input line 513.
LaTeX Font Info:    Redeclaring math delimiter \rangle on input line 515.
LaTeX Font Info:    Redeclaring math delimiter \arrowvert on input line 519.
LaTeX Font Info:    Redeclaring math delimiter \vert on input line 520.
LaTeX Font Info:    Redeclaring math symbol \parallel on input line 521.
LaTeX Font Info:    Redeclaring math delimiter \Arrowvert on input line 522.
LaTeX Font Info:    Redeclaring math accent \grave on input line 562.
LaTeX Font Info:    Redeclaring math accent \acute on input line 563.
LaTeX Font Info:    Redeclaring math accent \hat on input line 564.
LaTeX Font Info:    Redeclaring math accent \tilde on input line 565.
LaTeX Font Info:    Redeclaring math accent \bar on input line 566.
LaTeX Font Info:    Redeclaring math accent \breve on input line 567.
LaTeX Font Info:    Redeclaring math accent \mathring on input line 568.
LaTeX Font Info:    Redeclaring math accent \check on input line 569.
LaTeX Font Info:    Redeclaring math accent \dot on input line 573.
LaTeX Font Info:    Redeclaring math accent \ddot on input line 574.
LaTeX Font Info:    Redeclaring math accent \vec on input line 1631.
LaTeX Info: Redefining \Bbbk on input line 2208.
LaTeX Info: Redefining \not on input line 2548.
LaTeX Info: Redefining \textsquare on input line 2563.
LaTeX Info: Redefining \openbox on input line 2565.
) (E:\Latex\tex/latex/xfrac\xfrac.sty
Package: xfrac 2024-06-04 Split-level fractions
\l__xfrac_slash_box=\box56
\l__xfrac_tmp_box=\box57
\l__xfrac_denominator_bot_sep_dim=\dimen179
\l__xfrac_numerator_bot_sep_dim=\dimen180
\l__xfrac_numerator_top_sep_dim=\dimen181
\l__xfrac_slash_left_sep_dim=\dimen182
\l__xfrac_slash_right_sep_dim=\dimen183
\l__xfrac_slash_left_muskip=\muskip18
\l__xfrac_slash_right_muskip=\muskip19

LaTeX template Info: Declaring template type 'xfrac' taking 3 argument(s) on
(template)           line 100.


LaTeX template Info: Declaring instance 'cmr' of type xfrac on line 392.


LaTeX template Info: Declaring instance 'cmss' of type xfrac on line 392.


LaTeX template Info: Declaring instance 'cmtt' of type xfrac on line 392.

) (E:\Latex\tex/latex/cancel\cancel.sty
Package: cancel 2013/04/12 v2.2 Cancel math terms
) (E:\Latex\tex/latex/bookmark\bookmark.sty
Package: bookmark 2023-12-10 v1.31 PDF bookmarks (HO)
 (E:\Latex\tex/latex/hyperref\hyperref.sty
Package: hyperref 2025-07-12 v7.01o Hypertext links for LaTeX
 (E:\Latex\tex/latex/kvsetkeys\kvsetkeys.sty
Package: kvsetkeys 2022-10-05 v1.19 Key value parser (HO)
) (E:\Latex\tex/generic/kvdefinekeys\kvdefinekeys.sty
Package: kvdefinekeys 2019-12-19 v1.6 Define keys (HO)
) (E:\Latex\tex/generic/pdfescape\pdfescape.sty
Package: pdfescape 2019/12/09 v1.15 Implements pdfTeX's escape features (HO)
 (E:\Latex\tex/generic/ltxcmds\ltxcmds.sty
Package: ltxcmds 2023-12-04 v1.26 LaTeX kernel commands for general use (HO)
) (E:\Latex\tex/generic/pdftexcmds\pdftexcmds.sty
Package: pdftexcmds 2020-06-27 v0.33 Utility functions of pdfTeX for LuaTeX (HO)
 (E:\Latex\tex/generic/infwarerr\infwarerr.sty
Package: infwarerr 2019/12/03 v1.5 Providing info/warning/error messages (HO)
)
Package pdftexcmds Info: \pdf@primitive is available.
Package pdftexcmds Info: \pdf@ifprimitive is available.
Package pdftexcmds Info: \pdfdraftmode found.
)) (E:\Latex\tex/latex/hycolor\hycolor.sty
Package: hycolor 2020-01-27 v1.10 Color options for hyperref/bookmark (HO)
) (E:\Latex\tex/latex/hyperref\nameref.sty
Package: nameref 2025-06-21 v2.57 Cross-referencing by name of section
 (E:\Latex\tex/latex/refcount\refcount.sty
Package: refcount 2019/12/15 v3.6 Data extraction from label references (HO)
) (E:\Latex\tex/generic/gettitlestring\gettitlestring.sty
Package: gettitlestring 2019/12/15 v1.6 Cleanup title references (HO)
 (E:\Latex\tex/latex/kvoptions\kvoptions.sty
Package: kvoptions 2022-06-15 v3.15 Key value format for package options (HO)
))
\c@section@level=\count311
) (E:\Latex\tex/generic/stringenc\stringenc.sty
Package: stringenc 2019/11/29 v1.12 Convert strings between diff. encodings (HO)
)
\@linkdim=\dimen184
\Hy@linkcounter=\count312
\Hy@pagecounter=\count313
 (E:\Latex\tex/latex/hyperref\pd1enc.def
File: pd1enc.def 2025-07-12 v7.01o Hyperref: PDFDocEncoding definition (HO)
Now handling font encoding PD1 ...
... no UTF-8 mapping file for font encoding PD1
) (E:\Latex\tex/generic/intcalc\intcalc.sty
Package: intcalc 2019/12/15 v1.3 Expandable calculations with integers (HO)
)
\Hy@SavedSpaceFactor=\count314
 (E:\Latex\tex/latex/hyperref\puenc.def
File: puenc.def 2025-07-12 v7.01o Hyperref: PDF Unicode definition (HO)
Now handling font encoding PU ...
... no UTF-8 mapping file for font encoding PU
)
Package hyperref Info: Hyper figures OFF on input line 4195.
Package hyperref Info: Link nesting OFF on input line 4200.
Package hyperref Info: Hyper index ON on input line 4203.
Package hyperref Info: Plain pages OFF on input line 4210.
Package hyperref Info: Backreferencing OFF on input line 4215.
Package hyperref Info: Implicit mode ON; LaTeX internals redefined.
Package hyperref Info: Bookmarks ON on input line 4462.
\c@Hy@tempcnt=\count315
 (E:\Latex\tex/latex/url\url.sty
\Urlmuskip=\muskip20
Package: url 2013/09/16  ver 3.4  Verb mode for urls, etc.
)
LaTeX Info: Redefining \url on input line 4801.
\XeTeXLinkMargin=\dimen185
 (E:\Latex\tex/generic/bitset\bitset.sty
Package: bitset 2019/12/09 v1.3 Handle bit-vector datatype (HO)
 (E:\Latex\tex/generic/bigintcalc\bigintcalc.sty
Package: bigintcalc 2019/12/15 v1.5 Expandable calculations on big integers (HO)
))
\Fld@menulength=\count316
\Field@Width=\dimen186
\Fld@charsize=\dimen187
Package hyperref Info: Hyper figures OFF on input line 6078.
Package hyperref Info: Link nesting OFF on input line 6083.
Package hyperref Info: Hyper index ON on input line 6086.
Package hyperref Info: backreferencing OFF on input line 6093.
Package hyperref Info: Link coloring OFF on input line 6098.
Package hyperref Info: Link coloring with OCG OFF on input line 6103.
Package hyperref Info: PDF/A mode OFF on input line 6108.
\Hy@abspage=\count317
\c@Item=\count318
\c@Hfootnote=\count319
)
Package hyperref Info: Driver (autodetected): hpdftex.
 (E:\Latex\tex/latex/hyperref\hpdftex.def
File: hpdftex.def 2025-07-12 v7.01o Hyperref driver for pdfTeX
\Fld@listcount=\count320
\c@bookmark@seq@number=\count321
 (E:\Latex\tex/latex/rerunfilecheck\rerunfilecheck.sty
Package: rerunfilecheck 2025-06-21 v1.11 Rerun checks for auxiliary files (HO)
 (E:\Latex\tex/generic/uniquecounter\uniquecounter.sty
Package: uniquecounter 2019/12/15 v1.4 Provide unlimited unique counter (HO)
)
Package uniquecounter Info: New unique counter `rerunfilecheck' on input line 284.
)
\Hy@SectionHShift=\skip61
) (E:\Latex\tex/latex/bookmark\bkm-pdftex.def
File: bkm-pdftex.def 2023-12-10 v1.31 bookmark driver for pdfTeX and luaTeX (HO)
\BKM@id=\count322
)) (E:\Latex\tex/latex/enumitem\enumitem.sty
Package: enumitem 2025/02/06 v3.11 Customized lists
\labelindent=\skip62
\enit@outerparindent=\dimen188
\enit@toks=\toks38
\enit@inbox=\box58
\enit@count@id=\count323
\enitdp@description=\count324
) (E:\Latex\tex/latex/theoremref\theoremref.sty
Package: theoremref 2013/05/22 References with automatic theorem names
\thmref@num=\count325
)
Package hyperref Info: Option `colorlinks' set `true' on input line 30.
Package hyperref Info: Option `bookmarksnumbered' set `true' on input line 30.
Package hyperref Info: Option `bookmarksopen' set `true' on input line 30.
 (E:\Latex\tex/latex/tcolorbox\tcolorbox.sty
Package: tcolorbox 2025/11/28 version 6.9.0 text color boxes
 (E:\Latex\tex/latex/pgf/frontendlayer\tikz.sty (E:\Latex\tex/latex/pgf/basiclayer\pgf.sty (E:\Latex\tex/latex/pgf/utilities\pgfrcs.sty (E:\Latex\tex/generic/pgf/utilities\pgfutil-common.tex
\pgfutil@everybye=\toks39
\pgfutil@tempdima=\dimen189
\pgfutil@tempdimb=\dimen190
) (E:\Latex\tex/generic/pgf/utilities\pgfutil-latex.def
\pgfutil@abb=\box59
) (E:\Latex\tex/generic/pgf/utilities\pgfrcs.code.tex (E:\Latex\tex/generic/pgf\pgf.revision.tex)
Package: pgfrcs 2025-08-29 v3.1.11a (3.1.11a)
))
Package: pgf 2025-08-29 v3.1.11a (3.1.11a)
 (E:\Latex\tex/latex/pgf/basiclayer\pgfcore.sty (E:\Latex\tex/latex/pgf/systemlayer\pgfsys.sty (E:\Latex\tex/generic/pgf/systemlayer\pgfsys.code.tex
Package: pgfsys 2025-08-29 v3.1.11a (3.1.11a)
 (E:\Latex\tex/generic/pgf/utilities\pgfkeys.code.tex
\pgfkeys@pathtoks=\toks40
\pgfkeys@temptoks=\toks41
 (E:\Latex\tex/generic/pgf/utilities\pgfkeyslibraryfiltered.code.tex
\pgfkeys@tmptoks=\toks42
))
\pgf@x=\dimen191
\pgf@y=\dimen192
\pgf@xa=\dimen193
\pgf@ya=\dimen194
\pgf@xb=\dimen195
\pgf@yb=\dimen196
\pgf@xc=\dimen197
\pgf@yc=\dimen198
\pgf@xd=\dimen199
\pgf@yd=\dimen256
\w@pgf@writea=\write3
\r@pgf@reada=\read4
\c@pgf@counta=\count326
\c@pgf@countb=\count327
\c@pgf@countc=\count328
\c@pgf@countd=\count329
\t@pgf@toka=\toks43
\t@pgf@tokb=\toks44
\t@pgf@tokc=\toks45
\pgf@sys@id@count=\count330
 (E:\Latex\tex/generic/pgf/systemlayer\pgf.cfg
File: pgf.cfg 2025-08-29 v3.1.11a (3.1.11a)
)
Driver file for pgf: pgfsys-pdftex.def
 (E:\Latex\tex/generic/pgf/systemlayer\pgfsys-pdftex.def
File: pgfsys-pdftex.def 2025-08-29 v3.1.11a (3.1.11a)
 (E:\Latex\tex/generic/pgf/systemlayer\pgfsys-common-pdf.def
File: pgfsys-common-pdf.def 2025-08-29 v3.1.11a (3.1.11a)
))) (E:\Latex\tex/generic/pgf/systemlayer\pgfsyssoftpath.code.tex
File: pgfsyssoftpath.code.tex 2025-08-29 v3.1.11a (3.1.11a)
\pgfsyssoftpath@smallbuffer@items=\count331
\pgfsyssoftpath@bigbuffer@items=\count332
) (E:\Latex\tex/generic/pgf/systemlayer\pgfsysprotocol.code.tex
File: pgfsysprotocol.code.tex 2025-08-29 v3.1.11a (3.1.11a)
)) (E:\Latex\tex/latex/xcolor\xcolor.sty
Package: xcolor 2024/09/29 v3.02 LaTeX color extensions (UK)
 (E:\Latex\tex/latex/graphics-cfg\color.cfg
File: color.cfg 2016/01/02 v1.6 sample color configuration
)
Package xcolor Info: Driver file: pdftex.def on input line 274.
 (E:\Latex\tex/latex/graphics\mathcolor.ltx)
Package xcolor Info: Model `cmy' substituted by `cmy0' on input line 1349.
Package xcolor Info: Model `hsb' substituted by `rgb' on input line 1353.
Package xcolor Info: Model `RGB' extended on input line 1365.
Package xcolor Info: Model `HTML' substituted by `rgb' on input line 1367.
Package xcolor Info: Model `Hsb' substituted by `hsb' on input line 1368.
Package xcolor Info: Model `tHsb' substituted by `hsb' on input line 1369.
Package xcolor Info: Model `HSB' substituted by `hsb' on input line 1370.
Package xcolor Info: Model `Gray' substituted by `gray' on input line 1371.
Package xcolor Info: Model `wave' substituted by `hsb' on input line 1372.
) (E:\Latex\tex/generic/pgf/basiclayer\pgfcore.code.tex
Package: pgfcore 2025-08-29 v3.1.11a (3.1.11a)
 (E:\Latex\tex/generic/pgf/math\pgfmath.code.tex (E:\Latex\tex/generic/pgf/math\pgfmathutil.code.tex) (E:\Latex\tex/generic/pgf/math\pgfmathparser.code.tex
\pgfmath@dimen=\dimen257
\pgfmath@count=\count333
\pgfmath@box=\box60
\pgfmath@toks=\toks46
\pgfmath@stack@operand=\toks47
\pgfmath@stack@operation=\toks48
) (E:\Latex\tex/generic/pgf/math\pgfmathfunctions.code.tex) (E:\Latex\tex/generic/pgf/math\pgfmathfunctions.basic.code.tex) (E:\Latex\tex/generic/pgf/math\pgfmathfunctions.trigonometric.code.tex) (E:\Latex\tex/generic/pgf/math\pgfmathfunctions.random.code.tex) (E:\Latex\tex/generic/pgf/math\pgfmathfunctions.comparison.code.tex) (E:\Latex\tex/generic/pgf/math\pgfmathfunctions.base.code.tex) (E:\Latex\tex/generic/pgf/math\pgfmathfunctions.round.code.tex) (E:\Latex\tex/generic/pgf/math\pgfmathfunctions.misc.code.tex) (E:\Latex\tex/generic/pgf/math\pgfmathfunctions.integerarithmetics.code.tex) (E:\Latex\tex/generic/pgf/math\pgfmathcalc.code.tex) (E:\Latex\tex/generic/pgf/math\pgfmathfloat.code.tex
\c@pgfmathroundto@lastzeros=\count334
)) (E:\Latex\tex/generic/pgf/math\pgfint.code.tex) (E:\Latex\tex/generic/pgf/basiclayer\pgfcorepoints.code.tex
File: pgfcorepoints.code.tex 2025-08-29 v3.1.11a (3.1.11a)
\pgf@picminx=\dimen258
\pgf@picmaxx=\dimen259
\pgf@picminy=\dimen260
\pgf@picmaxy=\dimen261
\pgf@pathminx=\dimen262
\pgf@pathmaxx=\dimen263
\pgf@pathminy=\dimen264
\pgf@pathmaxy=\dimen265
\pgf@xx=\dimen266
\pgf@xy=\dimen267
\pgf@yx=\dimen268
\pgf@yy=\dimen269
\pgf@zx=\dimen270
\pgf@zy=\dimen271
) (E:\Latex\tex/generic/pgf/basiclayer\pgfcorepathconstruct.code.tex
File: pgfcorepathconstruct.code.tex 2025-08-29 v3.1.11a (3.1.11a)
\pgf@path@lastx=\dimen272
\pgf@path@lasty=\dimen273
) (E:\Latex\tex/generic/pgf/basiclayer\pgfcorepathusage.code.tex
File: pgfcorepathusage.code.tex 2025-08-29 v3.1.11a (3.1.11a)
\pgf@shorten@end@additional=\dimen274
\pgf@shorten@start@additional=\dimen275
) (E:\Latex\tex/generic/pgf/basiclayer\pgfcorescopes.code.tex
File: pgfcorescopes.code.tex 2025-08-29 v3.1.11a (3.1.11a)
\pgfpic=\box61
\pgf@hbox=\box62
\pgf@layerbox@main=\box63
\pgf@picture@serial@count=\count335
) (E:\Latex\tex/generic/pgf/basiclayer\pgfcoregraphicstate.code.tex
File: pgfcoregraphicstate.code.tex 2025-08-29 v3.1.11a (3.1.11a)
\pgflinewidth=\dimen276
) (E:\Latex\tex/generic/pgf/basiclayer\pgfcoretransformations.code.tex
File: pgfcoretransformations.code.tex 2025-08-29 v3.1.11a (3.1.11a)
\pgf@pt@x=\dimen277
\pgf@pt@y=\dimen278
\pgf@pt@temp=\dimen279
) (E:\Latex\tex/generic/pgf/basiclayer\pgfcorequick.code.tex
File: pgfcorequick.code.tex 2025-08-29 v3.1.11a (3.1.11a)
) (E:\Latex\tex/generic/pgf/basiclayer\pgfcoreobjects.code.tex
File: pgfcoreobjects.code.tex 2025-08-29 v3.1.11a (3.1.11a)
) (E:\Latex\tex/generic/pgf/basiclayer\pgfcorepathprocessing.code.tex
File: pgfcorepathprocessing.code.tex 2025-08-29 v3.1.11a (3.1.11a)
) (E:\Latex\tex/generic/pgf/basiclayer\pgfcorearrows.code.tex
File: pgfcorearrows.code.tex 2025-08-29 v3.1.11a (3.1.11a)
\pgfarrowsep=\dimen280
) (E:\Latex\tex/generic/pgf/basiclayer\pgfcoreshade.code.tex
File: pgfcoreshade.code.tex 2025-08-29 v3.1.11a (3.1.11a)
\pgf@max=\dimen281
\pgf@sys@shading@range@num=\count336
\pgf@shadingcount=\count337
) (E:\Latex\tex/generic/pgf/basiclayer\pgfcoreimage.code.tex
File: pgfcoreimage.code.tex 2025-08-29 v3.1.11a (3.1.11a)
) (E:\Latex\tex/generic/pgf/basiclayer\pgfcoreexternal.code.tex
File: pgfcoreexternal.code.tex 2025-08-29 v3.1.11a (3.1.11a)
\pgfexternal@startupbox=\box64
) (E:\Latex\tex/generic/pgf/basiclayer\pgfcorelayers.code.tex
File: pgfcorelayers.code.tex 2025-08-29 v3.1.11a (3.1.11a)
) (E:\Latex\tex/generic/pgf/basiclayer\pgfcoretransparency.code.tex
File: pgfcoretransparency.code.tex 2025-08-29 v3.1.11a (3.1.11a)
) (E:\Latex\tex/generic/pgf/basiclayer\pgfcorepatterns.code.tex
File: pgfcorepatterns.code.tex 2025-08-29 v3.1.11a (3.1.11a)
) (E:\Latex\tex/generic/pgf/basiclayer\pgfcorerdf.code.tex
File: pgfcorerdf.code.tex 2025-08-29 v3.1.11a (3.1.11a)
))) (E:\Latex\tex/generic/pgf/modules\pgfmoduleshapes.code.tex
File: pgfmoduleshapes.code.tex 2025-08-29 v3.1.11a (3.1.11a)
\pgfnodeparttextbox=\box65
) (E:\Latex\tex/generic/pgf/modules\pgfmoduleplot.code.tex
File: pgfmoduleplot.code.tex 2025-08-29 v3.1.11a (3.1.11a)
) (E:\Latex\tex/latex/pgf/compatibility\pgfcomp-version-0-65.sty
Package: pgfcomp-version-0-65 2025-08-29 v3.1.11a (3.1.11a)
\pgf@nodesepstart=\dimen282
\pgf@nodesepend=\dimen283
) (E:\Latex\tex/latex/pgf/compatibility\pgfcomp-version-1-18.sty
Package: pgfcomp-version-1-18 2025-08-29 v3.1.11a (3.1.11a)
)) (E:\Latex\tex/latex/pgf/utilities\pgffor.sty (E:\Latex\tex/latex/pgf/utilities\pgfkeys.sty (E:\Latex\tex/generic/pgf/utilities\pgfkeys.code.tex)) (E:\Latex\tex/latex/pgf/math\pgfmath.sty (E:\Latex\tex/generic/pgf/math\pgfmath.code.tex)) (E:\Latex\tex/generic/pgf/utilities\pgffor.code.tex
Package: pgffor 2025-08-29 v3.1.11a (3.1.11a)
\pgffor@iter=\dimen284
\pgffor@skip=\dimen285
\pgffor@stack=\toks49
\pgffor@toks=\toks50
)) (E:\Latex\tex/generic/pgf/frontendlayer/tikz\tikz.code.tex
Package: tikz 2025-08-29 v3.1.11a (3.1.11a)
 (E:\Latex\tex/generic/pgf/libraries\pgflibraryplothandlers.code.tex
File: pgflibraryplothandlers.code.tex 2025-08-29 v3.1.11a (3.1.11a)
\pgf@plot@mark@count=\count338
\pgfplotmarksize=\dimen286
)
\tikz@lastx=\dimen287
\tikz@lasty=\dimen288
\tikz@lastxsaved=\dimen289
\tikz@lastysaved=\dimen290
\tikz@lastmovetox=\dimen291
\tikz@lastmovetoy=\dimen292
\tikzleveldistance=\dimen293
\tikzsiblingdistance=\dimen294
\tikz@figbox=\box66
\tikz@figbox@bg=\box67
\tikz@tempbox=\box68
\tikz@tempbox@bg=\box69
\tikztreelevel=\count339
\tikznumberofchildren=\count340
\tikznumberofcurrentchild=\count341
\tikz@fig@count=\count342
 (E:\Latex\tex/generic/pgf/modules\pgfmodulematrix.code.tex
File: pgfmodulematrix.code.tex 2025-08-29 v3.1.11a (3.1.11a)
\pgfmatrixcurrentrow=\count343
\pgfmatrixcurrentcolumn=\count344
\pgf@matrix@numberofcolumns=\count345
)
\tikz@expandcount=\count346
 (E:\Latex\tex/generic/pgf/frontendlayer/tikz/libraries\tikzlibrarytopaths.code.tex
File: tikzlibrarytopaths.code.tex 2025-08-29 v3.1.11a (3.1.11a)
))) (E:\Latex\tex/latex/tools\verbatim.sty
Package: verbatim 2024-01-22 v1.5x LaTeX2e package for verbatim enhancements
\every@verbatim=\toks51
\verbatim@line=\toks52
\verbatim@in@stream=\read5
) (E:\Latex\tex/latex/environ\environ.sty
Package: environ 2014/05/04 v0.3 A new way to define environments
 (E:\Latex\tex/latex/trimspaces\trimspaces.sty
Package: trimspaces 2009/09/17 v1.1 Trim spaces around a token list
))
\tcb@titlebox=\box70
\tcb@upperbox=\box71
\tcb@lowerbox=\box72
\tcb@phantombox=\box73
\c@tcbbreakpart=\count347
\c@tcblayer=\count348
\c@tcolorbox@number=\count349
\l__tcobox_tmpa_box=\box74
\l__tcobox_tmpa_dim=\dimen295
\tcb@temp=\box75
\tcb@temp=\box76
\tcb@temp=\box77
\tcb@temp=\box78
 (E:\Latex\tex/latex/tcolorbox\tcbraster.code.tex
Library (tcolorbox): 'tcbraster.code.tex' version '6.9.0'
\c@tcbrastercolumn=\count350
\c@tcbrasterrow=\count351
\c@tcbrasternum=\count352
\c@tcbraster=\count353
) (E:\Latex\tex/latex/tcolorbox\tcbskins.code.tex
Library (tcolorbox): 'tcbskins.code.tex' version '6.9.0'
(E:\Latex\tex/latex/tikzfill\tikzfill.image.sty
Package: tikzfill.image 2023/08/08 v1.0.1 Image filling library for TikZ
 (E:\Latex\tex/latex/tikzfill\tikzfill-common.sty
Package: tikzfill-common 2023/08/08 v1.0.1 Auxiliary code for tikzfill
) (E:\Latex\tex/latex/tikzfill\tikzlibraryfill.image.code.tex
File: tikzlibraryfill.image.code.tex 2023/08/08 v1.0.1 Image filling library
\l__tikzfill_img_box=\box79
)) (E:\Latex\tex/latex/tcolorbox\tcbskinsjigsaw.code.tex
Library (tcolorbox): 'tcbskinsjigsaw.code.tex' version '6.9.0'
)) (E:\Latex\tex/latex/tcolorbox\tcbbreakable.code.tex
Library (tcolorbox): 'tcbbreakable.code.tex' version '6.9.0'
(E:\Latex\tex/latex/pdfcol\pdfcol.sty
Package: pdfcol 2022-09-21 v1.7 Handle new color stacks for pdfTeX (HO)
)
Package pdfcol Info: New color stack `tcb@breakable' = 1 on input line 23.
\tcb@testbox=\box80
\tcb@totalupperbox=\box81
\tcb@totallowerbox=\box82
) (E:\Latex\tex/latex/tcolorbox\tcbhooks.code.tex
Library (tcolorbox): 'tcbhooks.code.tex' version '6.9.0'
) (E:\Latex\tex/latex/tcolorbox\tcbtheorems.code.tex
Library (tcolorbox): 'tcbtheorems.code.tex' version '6.9.0'
) (E:\Latex\tex/latex/tcolorbox\tcbfitting.code.tex
Library (tcolorbox): 'tcbfitting.code.tex' version '6.9.0'
\tcbfitdim=\dimen296
\tcb@lowerfitdim=\dimen297
\tcb@upperfitdim=\dimen298
\tcb@cur@hbadness=\count354
) (E:\Latex\tex/latex/tcolorbox\tcblistingsutf8.code.tex
Library (tcolorbox): 'tcblistingsutf8.code.tex' version '6.9.0'
(E:\Latex\tex/latex/tcolorbox\tcblistings.code.tex
Library (tcolorbox): 'tcblistings.code.tex' version '6.9.0'
(E:\Latex\tex/latex/listings\listings.sty
\lst@mode=\count355
\lst@gtempboxa=\box83
\lst@token=\toks53
\lst@length=\count356
\lst@currlwidth=\dimen299
\lst@column=\count357
\lst@pos=\count358
\lst@lostspace=\dimen300
\lst@width=\dimen301
\lst@newlines=\count359
\lst@lineno=\count360
\lst@maxwidth=\dimen302
 (E:\Latex\tex/latex/listings\lstpatch.sty
File: lstpatch.sty 2025/11/14 1.11b (Carsten Heinz)
) (E:\Latex\tex/latex/listings\lstmisc.sty
File: lstmisc.sty 2025/11/14 1.11b (Carsten Heinz)
\c@lstnumber=\count361
\lst@skipnumbers=\count362
\lst@framebox=\box84
) (E:\Latex\tex/latex/listings\listings.cfg
File: listings.cfg 2025/11/14 1.11b listings configuration
))
Package: listings 2025/11/14 1.11b (Carsten Heinz)

==> First Aid for listings.sty no longer applied!
    Expected:
        2024/09/23 1.10c (Carsten Heinz)
    but found:
        2025/11/14 1.11b (Carsten Heinz)
    so I'm assuming it got fixed.
(E:\Latex\tex/latex/tcolorbox\tcblistingscore.code.tex
Library (tcolorbox): 'tcblistingscore.code.tex' version '6.9.0'
(E:\Latex\tex/latex/tcolorbox\tcbprocessing.code.tex
Library (tcolorbox): 'tcbprocessing.code.tex' version '6.9.0'
)
\c@tcblisting=\count363
)) (E:\Latex\tex/latex/listingsutf8\listingsutf8.sty
Package: listingsutf8 2019-12-10 v1.5 Allow UTF-8 in listings input (HO)
)) (E:\Latex\tex/latex/tcolorbox\tcbexternal.code.tex
Library (tcolorbox): 'tcbexternal.code.tex' version '6.9.0'
) (E:\Latex\tex/latex/tcolorbox\tcbmagazine.code.tex
Library (tcolorbox): 'tcbmagazine.code.tex' version '6.9.0'
) (E:\Latex\tex/latex/tcolorbox\tcbvignette.code.tex
Library (tcolorbox): 'tcbvignette.code.tex' version '6.9.0'
(E:\Latex\tex/generic/pgf/frontendlayer/tikz/libraries\tikzlibraryfadings.code.tex
File: tikzlibraryfadings.code.tex 2025-08-29 v3.1.11a (3.1.11a)
 (E:\Latex\tex/generic/pgf/libraries\pgflibraryfadings.code.tex
File: pgflibraryfadings.code.tex 2025-08-29 v3.1.11a (3.1.11a)
))) (E:\Latex\tex/latex/tcolorbox\tcbposter.code.tex
Library (tcolorbox): 'tcbposter.code.tex' version '6.9.0'
)) (E:\Latex\tex/latex/varwidth\varwidth.sty
Package: varwidth 2009/03/30 ver 0.92;  Variable-width minipages
\@vwid@box=\box85
\sift@deathcycles=\count364
\@vwid@loff=\dimen303
\@vwid@roff=\dimen304
)
==> First Aid for varwidth.sty applied!
(E:\Latex\tex/latex/tools\multicol.sty
Package: multicol 2025/10/21 v2.0b multicolumn formatting (FMi)
\c@tracingmulticols=\count365
\mult@box=\box86
\multicol@leftmargin=\dimen305
\c@unbalance=\count366
\c@collectmore=\count367
\doublecol@number=\count368
\multicoltolerance=\count369
\multicolpretolerance=\count370
\full@width=\dimen306
\page@free=\dimen307
\premulticols=\dimen308
\postmulticols=\dimen309
\multicolsep=\skip63
\multicolbaselineskip=\skip64
\partial@page=\box87
\last@line=\box88
\mc@boxedresult=\box89
\maxbalancingoverflow=\dimen310
\mult@rightbox=\box90
\mult@grightbox=\box91
\mult@firstbox=\box92
\mult@gfirstbox=\box93
\@tempa=\box94
\@tempa=\box95
\@tempa=\box96
\@tempa=\box97
\@tempa=\box98
\@tempa=\box99
\@tempa=\box100
\@tempa=\box101
\@tempa=\box102
\@tempa=\box103
\@tempa=\box104
\@tempa=\box105
\@tempa=\box106
\@tempa=\box107
\@tempa=\box108
\@tempa=\box109
\@tempa=\box110
\@tempa=\box111
\@tempa=\box112
\@tempa=\box113
\@tempa=\box114
\@tempa=\box115
\@tempa=\box116
\@tempa=\box117
\@tempa=\box118
\@tempa=\box119
\@tempa=\box120
\@tempa=\box121
\@tempa=\box122
\@tempa=\box123
\@tempa=\box124
\@tempa=\box125
\@tempa=\box126
\@tempa=\box127
\@tempa=\box128
\@tempa=\box129
\c@minrows=\count371
\c@columnbadness=\count372
\c@finalcolumnbadness=\count373
\last@try=\dimen311
\multicolovershoot=\dimen312
\multicolundershoot=\dimen313
\mult@nat@firstbox=\box130
\colbreak@box=\box131
\mc@col@check@num=\count374
\g__mc_curr_col_int=\count375
) (E:\Latex\tex/latex/tools\array.sty
Package: array 2025/09/25 v2.6n Tabular extension package (FMi)
\col@sep=\dimen314
\ar@mcellbox=\box132
\extrarowheight=\dimen315
\NC@list=\toks54
\extratabsurround=\skip65
\backup@length=\skip66
\ar@cellbox=\box133
) (E:\Latex\tex/latex/tikz-cd\tikz-cd.sty
Package: tikz-cd 2021/05/04 v1.0 Commutative diagrams with TikZ
 (E:\Latex\tex/latex/tikz-cd\tikzlibrarycd.code.tex (E:\Latex\tex/generic/pgf/frontendlayer/tikz/libraries\tikzlibrarymatrix.code.tex
File: tikzlibrarymatrix.code.tex 2025-08-29 v3.1.11a (3.1.11a)
) (E:\Latex\tex/generic/pgf/frontendlayer/tikz/libraries\tikzlibraryquotes.code.tex
File: tikzlibraryquotes.code.tex 2025-08-29 v3.1.11a (3.1.11a)
) (E:\Latex\tex/generic/pgf/libraries\pgflibraryarrows.meta.code.tex
File: pgflibraryarrows.meta.code.tex 2025-08-29 v3.1.11a (3.1.11a)
\pgfarrowinset=\dimen316
\pgfarrowlength=\dimen317
\pgfarrowwidth=\dimen318
\pgfarrowlinewidth=\dimen319
))) (E:\Latex\tex/latex/algorithm2e\algorithm2e.sty
Package: algorithm2e 2017/07/18 v5.2 algorithms environments
\c@AlgoLine=\count376
 (E:\Latex\tex/latex/base\ifthen.sty
Package: ifthen 2024/03/16 v1.1e Standard LaTeX ifthen package (DPC)
)
\algocf@hangindent=\skip67
 (E:\Latex\tex/latex/ifoddpage\ifoddpage.sty
Package: ifoddpage 2022/10/18 v1.2 Conditionals for odd/even page detection
\c@checkoddpage=\count377
) (E:\Latex\tex/latex/tools\xspace.sty
Package: xspace 2014/10/28 v1.13 Space after command names (DPC,MH)
) (E:\Latex\tex/latex/relsize\relsize.sty
Package: relsize 2013/03/29 ver 4.1
)
\skiptotal=\skip68
\skiplinenumber=\skip69
\skiprule=\skip70
\skiphlne=\skip71
\skiptext=\skip72
\skiplength=\skip73
\algomargin=\skip74
\skipalgocfslide=\skip75
\algowidth=\dimen320
\inoutsize=\dimen321
\inoutindent=\dimen322
\interspacetitleruled=\dimen323
\interspacealgoruled=\dimen324
\interspacetitleboxruled=\dimen325
\algocf@ruledwidth=\skip76
\algocf@inoutbox=\box134
\algocf@inputbox=\box135
\AlCapSkip=\skip77
\AlCapHSkip=\skip78
\algoskipindent=\skip79
\algocf@nlbox=\box136
\algocf@hangingbox=\box137
\algocf@untilbox=\box138
\algocf@skipuntil=\skip80
\algocf@capbox=\box139
\algocf@lcaptionbox=\skip81
\algoheightruledefault=\skip82
\algoheightrule=\skip83
\algotitleheightruledefault=\skip84
\algotitleheightrule=\skip85
\c@algocfline=\count378
\c@algocfproc=\count379
\c@algocf=\count380
\algocf@algoframe=\box140
\algocf@algobox=\box141
) (E:\Latex\tex/latex/comment\comment.sty
\CommentStream=\write4
 Excluding comment 'comment') (E:\Latex\tex/latex/import\import.sty
Package: import 2020/04/01  v 6.2
) (E:\Latex\tex/latex/xifthen\xifthen.sty
Package: xifthen 2015/11/05 v1.4.0 Extended ifthen features
 (E:\Latex\tex/latex/ifmtarg\ifmtarg.sty
Package: ifmtarg 2018/04/16 v1.2b check for an empty argument
)) (E:\Latex\tex/latex/pdfpages\pdfpages.sty
Package: pdfpages 2025/07/23 v0.6g Insert pages of external PDF documents (AM)
 (E:\Latex\tex/latex/eso-pic\eso-pic.sty
Package: eso-pic 2025/12/10 v3.0d eso-pic (RN)
\ESO@tempdima=\dimen326
\ESO@tempdimb=\dimen327
)
\AM@pagewidth=\dimen328
\AM@pageheight=\dimen329
\AM@fboxrule=\dimen330
 (E:\Latex\tex/latex/pdfpages\pppdftex.def
File: pppdftex.def 2025/07/23 v0.6g Pdfpages driver for pdfTeX (AM)
)
\pdfpages@includegraphics@status=\count381
\AM@pagebox=\box142
\AM@global@opts=\toks55
\AM@pagecnt=\count382
\AM@toc@title=\toks56
\AM@lof@heading=\toks57
\c@AM@survey=\count383
\AM@templatesizebox=\box143
) (E:\Latex\tex/latex/transparent\transparent.sty
Package: transparent 2025-06-23 v1.6 Transparency with color stacks
 (E:\Latex\tex/latex/transparent\transparent-nometadata.sty
Package: transparent-nometadata 2025-06-23 v1.6 Transparency via pdfTeX's color stack (HO)
 (E:\Latex\tex/latex/auxhook\auxhook.sty
Package: auxhook 2019-12-17 v1.6 Hooks for auxiliary files (HO)
))) (E:\Latex\tex/latex/tikzsymbols\tikzsymbols.sty (E:\Latex\tex/latex/l3packages/xparse\xparse.sty (E:\Latex\tex/latex/l3kernel\expl3.sty
Package: expl3 2025-12-29 L3 programming layer (loader) 
 (E:\Latex\tex/latex/l3backend\l3backend-pdftex.def
File: l3backend-pdftex.def 2025-10-09 L3 backend support: PDF output (pdfTeX)
\l__color_backend_stack_int=\count384
))
Package: xparse 2025-10-09 L3 Experimental document command parser
)
Package: tikzsymbols 2021/12/14 v4.12a Some symbols created using tikz and LaTeX3.
 (E:\Latex\tex/latex/l3packages/l3keys2e\l3keys2e.sty
Package: l3keys2e 2025-10-09 LaTeX2e option processing using LaTeX3 keys
) (E:\Latex\tex/generic/pgf/frontendlayer/tikz/libraries\tikzlibraryarrows.code.tex
File: tikzlibraryarrows.code.tex 2025-08-29 v3.1.11a (3.1.11a)
 (E:\Latex\tex/generic/pgf/libraries\pgflibraryarrows.code.tex
File: pgflibraryarrows.code.tex 2025-08-29 v3.1.11a (3.1.11a)
\arrowsize=\dimen331
)) (E:\Latex\tex/generic/pgf/frontendlayer/tikz/libraries\tikzlibrarydecorations.pathmorphing.code.tex (E:\Latex\tex/generic/pgf/frontendlayer/tikz/libraries\tikzlibrarydecorations.code.tex (E:\Latex\tex/generic/pgf/modules\pgfmoduledecorations.code.tex
\pgfdecoratedcompleteddistance=\dimen332
\pgfdecoratedremainingdistance=\dimen333
\pgfdecoratedinputsegmentcompleteddistance=\dimen334
\pgfdecoratedinputsegmentremainingdistance=\dimen335
\pgf@decorate@distancetomove=\dimen336
\pgf@decorate@repeatstate=\count385
\pgfdecorationsegmentamplitude=\dimen337
\pgfdecorationsegmentlength=\dimen338
)
\tikz@lib@dec@box=\box144
) (E:\Latex\tex/generic/pgf/libraries/decorations\pgflibrarydecorations.pathmorphing.code.tex)) (E:\Latex\tex/generic/pgf/frontendlayer/tikz/libraries\tikzlibrarytrees.code.tex
File: tikzlibrarytrees.code.tex 2025-08-29 v3.1.11a (3.1.11a)
)
\l__tikzsymbols_Moai_thickness_dim=\dimen339
\l__tikzsymbols_Kochtopf_nr_arguments_int=\count386
\l__tikzsymbols_Bratpfanne_nr_arguments_int=\count387
\l__tikzsymbols_Schneebesen_nr_arguments_int=\count388
\l__tikzsymbols_Sieb_nr_arguments_int=\count389
\l__tikzsymbols_Purierstab_nr_arguments_int=\count390
\l__tikzsymbols_Dreizack_nr_arguments_int=\count391
\l__tikzsymbols_Backblech_nr_arguments_int=\count392
\l__tikzsymbols_Ofen_nr_arguments_int=\count393
\l__tikzsymbols_Pfanne_nr_arguments_int=\count394
\l__tikzsymbols_Herd_nr_arguments_int=\count395
\l__tikzsymbols_Saftpresse_nr_arguments_int=\count396
\l__tikzsymbols_Schussel_nr_arguments_int=\count397
\l__tikzsymbols_Schaler_nr_arguments_int=\count398
\l__tikzsymbols_Reibe_nr_arguments_int=\count399
\l__tikzsymbols_Flasche_nr_arguments_int=\count400
\l__tikzsymbols_Nudelholz_nr_arguments_int=\count401
\l__tikzsymbols_Knoblauchpresse_nr_arguments_int=\count402
\l__tikzsymbols_Sadey_nr_arguments_int=\count403
\l__tikzsymbols_dSadey_nr_arguments_int=\count404
\l__tikzsymbols_Changey_nr_arguments_int=\count405
\l__tikzsymbols_dChangey_nr_arguments_int=\count406
\l__tikzsymbols_cChangey_nr_arguments_int=\count407
\l__tikzsymbols_dcChangey_nr_arguments_int=\count408
\l__tikzsymbols_Annoey_nr_arguments_int=\count409
\l__tikzsymbols_dAnnoey_nr_arguments_int=\count410
\l__tikzsymbols_Smiley_nr_arguments_int=\count411
\l__tikzsymbols_dSmiley_nr_arguments_int=\count412
\l__tikzsymbols_Laughey_nr_arguments_int=\count413
\l__tikzsymbols_dLaughey_nr_arguments_int=\count414
\l__tikzsymbols_Neutrey_nr_arguments_int=\count415
\l__tikzsymbols_dNeutrey_nr_arguments_int=\count416
\l__tikzsymbols_Winkey_nr_arguments_int=\count417
\l__tikzsymbols_oldWinkey_nr_arguments_int=\count418
\l__tikzsymbols_dWinkey_nr_arguments_int=\count419
\l__tikzsymbols_olddWinkey_nr_arguments_int=\count420
\l__tikzsymbols_Sey_nr_arguments_int=\count421
\l__tikzsymbols_dSey_nr_arguments_int=\count422
\l__tikzsymbols_Xey_nr_arguments_int=\count423
\l__tikzsymbols_dXey_nr_arguments_int=\count424
\l__tikzsymbols_Innocey_nr_arguments_int=\count425
\l__tikzsymbols_wInnocey_nr_arguments_int=\count426
\l__tikzsymbols_dInnocey_nr_arguments_int=\count427
\l__tikzsymbols_Cooley_nr_arguments_int=\count428
\l__tikzsymbols_dCooley_nr_arguments_int=\count429
\l__tikzsymbols_Tongey_nr_arguments_int=\count430
\l__tikzsymbols_dTongey_nr_arguments_int=\count431
\l__tikzsymbols_Nursey_nr_arguments_int=\count432
\l__tikzsymbols_dNursey_nr_arguments_int=\count433
\l__tikzsymbols_Vomey_nr_arguments_int=\count434
\l__tikzsymbols_dVomey_nr_arguments_int=\count435
\l__tikzsymbols_Walley_nr_arguments_int=\count436
\l__tikzsymbols_rWalley_nr_arguments_int=\count437
\l__tikzsymbols_dWalley_nr_arguments_int=\count438
\l__tikzsymbols_drWalley_nr_arguments_int=\count439
\l__tikzsymbols_Cat_nr_arguments_int=\count440
\l__tikzsymbols_SchrodingersCat_nr_arguments_int=\count441
\l__tikzsymbols_Ninja_nr_arguments_int=\count442
\l__tikzsymbols_dNinja_nr_arguments_int=\count443
\l__tikzsymbols_Sleepey_nr_arguments_int=\count444
\l__tikzsymbols_dSleepey_nr_arguments_int=\count445
\l__tikzsymbols_Maskey_nr_arguments_int=\count446
\l__tikzsymbols_NiceReapey_nr_arguments_int=\count447
\l__tikzsymbols_Strichmaxerl_nr_arguments_int=\count448
\l__tikzsymbols_Person_nr_arguments_int=\count449
\l__tikzsymbols_Heart_nr_arguments_int=\count450
\l__tikzsymbols_dHeart_nr_arguments_int=\count451
\l__tikzsymbols_HeartBroken_nr_arguments_int=\count452
\l__tikzsymbols_Candle_nr_arguments_int=\count453
\l__tikzsymbols_Fire_nr_arguments_int=\count454
\l__tikzsymbols_Coffeecup_nr_arguments_int=\count455
\l__tikzsymbols_Chair_nr_arguments_int=\count456
\l__tikzsymbols_Bed_nr_arguments_int=\count457
\l__tikzsymbols_Tribar_nr_arguments_int=\count458
\l__tikzsymbols_Moai_nr_arguments_int=\count459
\l__tikzsymbols_Snowman_nr_arguments_int=\count460
\l__tikzsymbols_BasicTree_nr_arguments_int=\count461
\l__tikzsymbols_WorstTree_nr_arguments_int=\count462
\l__tikzsymbols_Springtree_nr_arguments_int=\count463
\l__tikzsymbols_Summertree_nr_arguments_int=\count464
\l__tikzsymbols_Autumntree_nr_arguments_int=\count465
\l__tikzsymbols_Wintertree_nr_arguments_int=\count466
)
\c@tcb@cnt@Theorem=\count467
\c@tcb@cnt@theorem=\count468
\c@tcb@cnt@Corollary=\count469
\c@tcb@cnt@corollary=\count470
\c@tcb@cnt@Lenma=\count471
\c@tcb@cnt@lenma=\count472
\c@tcb@cnt@Prop=\count473
\c@tcb@cnt@prop=\count474
\c@tcb@cnt@claim=\count475
\c@tcb@cnt@Exercise=\count476
\c@tcb@cnt@exercise=\count477
\c@tcb@cnt@Example=\count478
\c@tcb@cnt@example=\count479
\c@tcb@cnt@Definición=\count480
\c@tcb@cnt@definición=\count481
\c@tcb@cnt@question=\count482
\c@tcb@cnt@qstion=\count483
\c@tcb@cnt@wconc=\count484
 (E:\Latex\tex/generic/pgf/frontendlayer/tikz/libraries\tikzlibrarycalc.code.tex
File: tikzlibrarycalc.code.tex 2025-08-29 v3.1.11a (3.1.11a)
) (E:\Latex\tex/latex/pgf-blur\tikzlibraryshadows.blur.code.tex  v1.02, 2012/12/09 (E:\Latex\tex/generic/pgf/frontendlayer/tikz/libraries\tikzlibraryshadows.code.tex
File: tikzlibraryshadows.code.tex 2025-08-29 v3.1.11a (3.1.11a)
)
\pgfbs@fading@count=\count485
)
\c@mylabelcounter=\count486
\diffdbox=\box145
 (E:\Latex\tex/latex/titlesec\titletoc.sty
Package: titletoc 2025/01/04 v2.17 TOC entries
\ttl@leftsep=\dimen340
)) (macros.tex) (letterfonts.tex) (E:\Latex\tex/latex/base\fontenc.sty
Package: fontenc 2025/07/18 v2.1d Standard LaTeX package
LaTeX Font Info:    Trying to load font information for T1+lmr on input line 116.
 (E:\Latex\tex/latex/lm\t1lmr.fd
File: t1lmr.fd 2015/05/01 v1.6.1 Font defs for Latin Modern
)) (E:\Latex\tex/latex/chemfig\chemfig.sty (E:\Latex\tex/generic/chemfig\chemfig.tex (E:\Latex\tex/generic/simplekv\simplekv.tex
Package: simplekv 2025/06/15 v0.32 Simple keyval package (CT)
)
\CF_cnt_atomgroup=\count487
\CF_cnt_group=\count488
\CF_cnt_atom=\count489
\CF_cnt_cycle=\count490
\CF_cnt_cyclebonds=\count491
\CF_cnt_compound=\count492
\CF_dim=\dimen341
\CF_turnangle=\dimen342
\CF_arrowsize=\dimen343
\CF_zero=\dimen344
\CF_box=\box146
\CF_boxstuff=\box147
\CF_testbox=\box148
\CF_chargebox=\box149
\CF_substtoks=\toks58
\CF_harrow_boxup=\box150
\CF_harrow_boxdown=\box151
\CF_hreact_cnt=\count493
)
Package: chemfig 2025/10/30 v1.71 Draw molecule with an easy syntax (CT)
) (E:\Latex\tex/latex/booktabs\booktabs.sty
Package: booktabs 2020/01/12 v1.61803398 Publication quality tables
\heavyrulewidth=\dimen345
\lightrulewidth=\dimen346
\cmidrulewidth=\dimen347
\belowrulesep=\dimen348
\belowbottomsep=\dimen349
\aboverulesep=\dimen350
\abovetopsep=\dimen351
\cmidrulesep=\dimen352
\cmidrulekern=\dimen353
\defaultaddspace=\dimen354
\@cmidla=\count494
\@cmidlb=\count495
\@aboverulesep=\dimen355
\@belowrulesep=\dimen356
\@thisruleclass=\count496
\@lastruleclass=\count497
\@thisrulewidth=\dimen357
) (E:\Latex\tex/latex/siunitx\siunitx.sty
Package: siunitx 2025-07-09 v3.4.14 A comprehensive (SI) units package
\l__siunitx_number_uncert_offset_int=\count498
\l__siunitx_number_exponent_fixed_int=\count499
\l__siunitx_number_min_decimal_int=\count500
\l__siunitx_number_min_integer_int=\count501
\l__siunitx_number_round_precision_int=\count502
\l__siunitx_number_lower_threshold_int=\count503
\l__siunitx_number_upper_threshold_int=\count504
\l__siunitx_number_group_first_int=\count505
\l__siunitx_number_group_size_int=\count506
\l__siunitx_number_group_minimum_int=\count507
\l__siunitx_angle_tmp_dim=\dimen358
\l__siunitx_angle_marker_box=\box152
\l__siunitx_angle_unit_box=\box153
\l__siunitx_compound_count_int=\count508
 (E:\Latex\tex/latex/translations\translations.sty
Package: translations 2022/02/05 v1.12 internationalization of LaTeX2e packages (CN)
)
\l__siunitx_table_tmp_box=\box154
\l__siunitx_table_tmp_dim=\dimen359
\l__siunitx_table_column_width_dim=\dimen360
\l__siunitx_table_integer_box=\box155
\l__siunitx_table_decimal_box=\box156
\l__siunitx_table_uncert_box=\box157
\l__siunitx_table_before_box=\box158
\l__siunitx_table_after_box=\box159
\l__siunitx_table_before_dim=\dimen361
\l__siunitx_table_carry_dim=\dimen362
\l__siunitx_unit_tmp_int=\count509
\l__siunitx_unit_position_int=\count510
\l__siunitx_unit_total_int=\count511
) (E:\Latex\tex/latex/adjustbox\adjustbox.sty
Package: adjustbox 2025/02/26 v1.3c Adjusting TeX boxes (trim, clip, ...)
 (E:\Latex\tex/latex/adjustbox\adjcalc.sty
Package: adjcalc 2012/05/16 v1.1 Provides advanced setlength with multiple back-ends (calc, etex, pgfmath)
) (E:\Latex\tex/latex/adjustbox\trimclip.sty
Package: trimclip 2025/02/21 v1.2a Trim and clip general TeX material
 (E:\Latex\tex/latex/collectbox\collectbox.sty
Package: collectbox 2022/10/17 v0.4c Collect macro arguments as boxes
\collectedbox=\box160
)
\tc@llx=\dimen363
\tc@lly=\dimen364
\tc@urx=\dimen365
\tc@ury=\dimen366
Package trimclip Info: Using driver 'tc-pdftex.def'.
 (E:\Latex\tex/latex/adjustbox\tc-pdftex.def
File: tc-pdftex.def 2025/02/26 v2.3 Clipping driver for pdftex
))
\adjbox@Width=\dimen367
\adjbox@Height=\dimen368
\adjbox@Depth=\dimen369
\adjbox@Totalheight=\dimen370
\adjbox@pwidth=\dimen371
\adjbox@pheight=\dimen372
\adjbox@pdepth=\dimen373
\adjbox@ptotalheight=\dimen374
) (E:\Latex\tex/latex/pdflscape\pdflscape.sty
Package: pdflscape 2022-10-27 v0.13 Display of landscape pages in PDF
 (E:\Latex\tex/latex/pdflscape\pdflscape-nometadata.sty
Package: pdflscape-nometadata 2022-10-28 v0.13 Display of landscape pages in PDF (HO)
 (E:\Latex\tex/latex/graphics\lscape.sty
Package: lscape 2020/05/28 v3.02 Landscape Pages (DPC)
)
Package pdflscape Info: Auto-detected driver: pdftex on input line 81.
)) (E:\Latex\tex/latex/biblatex\biblatex.sty
Package: biblatex 2025/07/10 v3.21 programmable bibliographies (PK/MW)
 (E:\Latex\tex/latex/logreq\logreq.sty
Package: logreq 2010/08/04 v1.0 xml request logger
\lrq@indent=\count512
 (E:\Latex\tex/latex/logreq\logreq.def
File: logreq.def 2010/08/04 v1.0 logreq spec v1.0
))
\c@tabx@nest=\count513
\c@listtotal=\count514
\c@listcount=\count515
\c@liststart=\count516
\c@liststop=\count517
\c@citecount=\count518
\c@citetotal=\count519
\c@multicitecount=\count520
\c@multicitetotal=\count521
\c@instcount=\count522
\c@maxnames=\count523
\c@minnames=\count524
\c@maxitems=\count525
\c@minitems=\count526
\c@citecounter=\count527
\c@maxcitecounter=\count528
\c@savedcitecounter=\count529
\c@uniquelist=\count530
\c@uniquename=\count531
\c@refsection=\count532
\c@refsegment=\count533
\c@maxextratitle=\count534
\c@maxextratitleyear=\count535
\c@maxextraname=\count536
\c@maxextradate=\count537
\c@maxextraalpha=\count538
\c@abbrvpenalty=\count539
\c@highnamepenalty=\count540
\c@lownamepenalty=\count541
\c@maxparens=\count542
\c@parenlevel=\count543
\blx@tempcnta=\count544
\blx@tempcntb=\count545
\blx@tempcntc=\count546
\c@blx@maxsection=\count547
\blx@maxsegment@0=\count548
\blx@notetype=\count549
\blx@parenlevel@text=\count550
\blx@parenlevel@foot=\count551
\blx@sectionciteorder@0=\count552
\blx@sectionciteorderinternal@0=\count553
\blx@entrysetcounter=\count554
\blx@biblioinstance=\count555
\labelnumberwidth=\skip86
\labelalphawidth=\skip87
\biblabelsep=\skip88
\bibitemsep=\skip89
\bibnamesep=\skip90
\bibinitsep=\skip91
\bibparsep=\skip92
\bibhang=\skip93
\blx@bcfin=\read6
\blx@bcfout=\write5
\blx@langwohyphens=\language80
\c@mincomprange=\count556
\c@maxcomprange=\count557
\c@mincompwidth=\count558
Package biblatex Info: Trying to load biblatex default data model...
Package biblatex Info: ... file 'blx-dm.def' found.
 (E:\Latex\tex/latex/biblatex\blx-dm.def
File: blx-dm.def 2025/07/10 v3.21 biblatex datamodel (PK/MW)
)
Package biblatex Info: Trying to load biblatex style data model...
Package biblatex Info: ... file 'apa.dbx' found.
 (E:\Latex\tex/latex/biblatex-apa\apa.dbx
File: apa.dbx 2025/08/27 v9.20 APA biblatex style data model
)
Package biblatex Info: Trying to load biblatex custom data model...
Package biblatex Info: ... file 'biblatex-dm.cfg' not found.
\c@afterword=\count559
\c@savedafterword=\count560
\c@annotator=\count561
\c@savedannotator=\count562
\c@author=\count563
\c@savedauthor=\count564
\c@bookauthor=\count565
\c@savedbookauthor=\count566
\c@commentator=\count567
\c@savedcommentator=\count568
\c@editor=\count569
\c@savededitor=\count570
\c@editora=\count571
\c@savededitora=\count572
\c@editorb=\count573
\c@savededitorb=\count574
\c@editorc=\count575
\c@savededitorc=\count576
\c@foreword=\count577
\c@savedforeword=\count578
\c@holder=\count579
\c@savedholder=\count580
\c@introduction=\count581
\c@savedintroduction=\count582
\c@namea=\count583
\c@savednamea=\count584
\c@nameb=\count585
\c@savednameb=\count586
\c@namec=\count587
\c@savednamec=\count588
\c@translator=\count589
\c@savedtranslator=\count590
\c@shortauthor=\count591
\c@savedshortauthor=\count592
\c@shorteditor=\count593
\c@savedshorteditor=\count594
\c@narrator=\count595
\c@savednarrator=\count596
\c@execproducer=\count597
\c@savedexecproducer=\count598
\c@execdirector=\count599
\c@savedexecdirector=\count600
\c@with=\count601
\c@savedwith=\count602
\c@labelname=\count603
\c@savedlabelname=\count604
\c@institution=\count605
\c@savedinstitution=\count606
\c@lista=\count607
\c@savedlista=\count608
\c@listb=\count609
\c@savedlistb=\count610
\c@listc=\count611
\c@savedlistc=\count612
\c@listd=\count613
\c@savedlistd=\count614
\c@liste=\count615
\c@savedliste=\count616
\c@listf=\count617
\c@savedlistf=\count618
\c@location=\count619
\c@savedlocation=\count620
\c@organization=\count621
\c@savedorganization=\count622
\c@origlocation=\count623
\c@savedoriglocation=\count624
\c@origpublisher=\count625
\c@savedorigpublisher=\count626
\c@publisher=\count627
\c@savedpublisher=\count628
\c@language=\count629
\c@savedlanguage=\count630
\c@origlanguage=\count631
\c@savedoriglanguage=\count632
\c@citation=\count633
\c@savedcitation=\count634
\c@pageref=\count635
\c@savedpageref=\count636
\shorthandwidth=\skip94
\shortjournalwidth=\skip95
\shortserieswidth=\skip96
\shorttitlewidth=\skip97
\shortauthorwidth=\skip98
\shorteditorwidth=\skip99
\locallabelnumberwidth=\skip100
\locallabelalphawidth=\skip101
\localshorthandwidth=\skip102
\localshortjournalwidth=\skip103
\localshortserieswidth=\skip104
\localshorttitlewidth=\skip105
\localshortauthorwidth=\skip106
\localshorteditorwidth=\skip107
Package biblatex Info: Trying to load compatibility code...
Package biblatex Info: ... file 'blx-compat.def' found.
 (E:\Latex\tex/latex/biblatex\blx-compat.def
File: blx-compat.def 2025/07/10 v3.21 biblatex compatibility (PK/MW)
)
Package biblatex Info: Trying to load generic definitions...
Package biblatex Info: ... file 'biblatex.def' found.
 (E:\Latex\tex/latex/biblatex\biblatex.def
File: biblatex.def 2025/07/10 v3.21 biblatex compatibility (PK/MW)
\c@textcitecount=\count637
\c@textcitetotal=\count638
\c@textcitemaxnames=\count639
\c@biburlbigbreakpenalty=\count640
\c@biburlbreakpenalty=\count641
\c@biburlnumpenalty=\count642
\c@biburlucpenalty=\count643
\c@biburllcpenalty=\count644
\biburlbigskip=\muskip21
\biburlnumskip=\muskip22
\biburlucskip=\muskip23
\biburllcskip=\muskip24
\c@smartand=\count645
)
Package biblatex Info: Trying to load bibliography style 'apa'...
Package biblatex Info: ... file 'apa.bbx' found.
 (E:\Latex\tex/latex/biblatex-apa\apa.bbx
File: apa.bbx 2025/08/27 v9.20 APA biblatex references style
Package biblatex Info: Trying to load bibliography style 'standard'...
Package biblatex Info: ... file 'standard.bbx' found.
 (E:\Latex\tex/latex/biblatex/bbx\standard.bbx
File: standard.bbx 2025/07/10 v3.21 biblatex bibliography style (PK/MW)
\c@bbx:relatedcount=\count646
\c@bbx:relatedtotal=\count647
)
Package biblatex Info: Delimiter 'nameyeardelim' in context 'bib' already defined, overwriting.
Package biblatex Info: Delimiter 'nameyeardelim' in context 'biblist' already defined, overwriting.
Package biblatex Info: Delimiter 'nonameyeardelim' in context 'bib' already defined, overwriting.
Package biblatex Info: Delimiter 'nonameyeardelim' in context 'biblist' already defined, overwriting.
)
Package biblatex Info: Trying to load citation style 'apa'...
Package biblatex Info: ... file 'apa.cbx' found.
 (E:\Latex\tex/latex/biblatex-apa\apa.cbx
File: apa.cbx 2025/08/27 v9.20 APA biblatex citation style
Package biblatex Info: Delimiter 'nameyeardelim' in context '' already defined, overwriting.
Package biblatex Info: Delimiter 'andothersdelim' in context '' already defined, overwriting.
Package biblatex Info: Redefining '\fullcite'.
Package biblatex Info: Redefining '\citeauthor'.
Package biblatex Info: Redefining '\citeyear'.
Package biblatex Info: Redefining '\cite'.
Package biblatex Info: Redefining '\cites'.
Package biblatex Info: Redefining '\parencite'.
Package biblatex Info: Redefining '\parencites'.
Package biblatex Info: Redefining '\footcite'.
Package biblatex Info: Redefining '\footcites'.
Package biblatex Info: Redefining '\footcitetext'.
Package biblatex Info: Redefining '\footcitetexts'.
Package biblatex Info: Redefining '\smartcite'.
Package biblatex Info: Redefining '\smartcites'.
Package biblatex Info: Redefining '\textcite'.
Package biblatex Info: Redefining '\textcites'.
)
Package biblatex Info: Trying to load configuration file...
Package biblatex Info: ... file 'biblatex.cfg' found.
 (E:\Latex\tex/latex/biblatex\biblatex.cfg
File: biblatex.cfg 
)
Package biblatex Info: Input encoding 'utf8' detected.
Package biblatex Info: Document encoding is UTF8 ....
Package biblatex Info: ... and expl3
(biblatex)             2025-12-29 L3 programming layer (loader) 
(biblatex)             is new enough (at least 2020/04/06),
(biblatex)             setting 'casechanger=expl3'.
 (E:\Latex\tex/latex/biblatex\blx-case-expl3.sty
Package: blx-case-expl3 2025/07/10 v3.21 expl3 case changing code for biblatex
)) (E:\Latex\tex/latex/caption\caption.sty
Package: caption 2023/08/05 v3.6o Customizing captions (AR)
 (E:\Latex\tex/latex/caption\caption3.sty
Package: caption3 2023/07/31 v2.4d caption3 kernel (AR)
\caption@tempdima=\dimen375
\captionmargin=\dimen376
\caption@leftmargin=\dimen377
\caption@rightmargin=\dimen378
\caption@width=\dimen379
\caption@indent=\dimen380
\caption@parindent=\dimen381
\caption@hangindent=\dimen382
Package caption Info: Standard document class detected.
)
\c@caption@flags=\count648
\c@continuedfloat=\count649
Package caption Info: hyperref package is loaded.
Package caption Info: listings package is loaded.
) (E:\Latex\tex/latex/multirow\multirow.sty
Package: multirow 2024/11/12 v2.9 Span multiple rows of a table
\multirow@colwidth=\skip108
\multirow@cntb=\count650
\multirow@dima=\skip109
\bigstrutjot=\dimen383
) (E:\Latex\tex/latex/minted\minted.sty
Package: minted 2026/03/03 v3.8.0 Yet another Pygments shim for LaTeX
 (E:\Latex\tex/generic/catchfile\catchfile.sty
Package: catchfile 2019/12/09 v1.8 Catch the contents of a file (HO)
 (E:\Latex\tex/generic/etexcmds\etexcmds.sty
Package: etexcmds 2019/12/15 v1.7 Avoid name clashes with e-TeX commands (HO)
)) (E:\Latex\tex/latex/fvextra\fvextra.sty
Package: fvextra 2026/02/25 v1.14.0 fvextra - extensions and patches for fancyvrb
 (E:\Latex\tex/latex/fancyvrb\fancyvrb.sty
Package: fancyvrb 2025/07/28 4.6 verbatim text (tvz,hv)
\FV@CodeLineNo=\count651
\FV@InFile=\read7
\FV@TabBox=\box161
\c@FancyVerbLine=\count652
\FV@StepNumber=\count653
\FV@OutFile=\write6
) (E:\Latex\tex/latex/upquote\upquote.sty
Package: upquote 2012/04/19 v1.3 upright-quote and grave-accent glyphs in verbatim
 (E:\Latex\tex/latex/base\textcomp.sty
Package: textcomp 2024/04/24 v2.1b Standard LaTeX package
)) (E:\Latex\tex/latex/lineno\lineno.sty
Package: lineno 2026/03/08 line numbers on paragraphs v5.9
\linenopenalty=\count654
\output=\toks59
\linenoprevgraf=\count655
\linenumbersep=\dimen384
\linenumberwidth=\dimen385
\c@linenumber=\count656
\c@pagewiselinenumber=\count657
\c@LN@truepage=\count658
\c@internallinenumber=\count659
\c@internallinenumbers=\count660
\quotelinenumbersep=\dimen386
\bframerule=\dimen387
\bframesep=\dimen388
\bframebox=\box162
\@LN@amsmath@ams@eqpen=\count661
)
\c@FancyVerbWriteLine=\count662
\c@FancyVerbBufferLine=\count663
\c@FV@TrueTabGroupLevel=\count664
\c@FV@TrueTabCounter=\count665
\FV@TabBox@Group=\box163
\FV@bgcolorstructbox=\box164
\FV@TmpLength=\skip110
\c@FV@HighlightLinesStart=\count666
\c@FV@HighlightLinesStop=\count667
\FV@LoopCount=\count668
\FV@NCharsBox=\box165
\FV@BreakIndent=\dimen389
\FV@BreakIndentNChars=\count669
\FV@BreakSymbolSepLeft=\dimen390
\FV@BreakSymbolSepLeftNChars=\count670
\FV@BreakSymbolSepRight=\dimen391
\FV@BreakSymbolSepRightNChars=\count671
\FV@BreakSymbolIndentLeft=\dimen392
\FV@BreakSymbolIndentLeftNChars=\count672
\FV@BreakSymbolIndentRight=\dimen393
\FV@BreakSymbolIndentRightNChars=\count673
\c@FancyVerbLineBreakLast=\count674
\FV@LineBox=\box166
\FV@LineIndentBox=\box167
\c@FV@BreakBufferDepth=\count675
\FV@LineWidth=\dimen394
) (E:\Latex\tex/latex/latex2pydata\latex2pydata.sty
Package: latex2pydata 2026/02/25 v0.7.0 latex2pydata - write data to file in Python literal format
) (E:\Latex\tex/latex/pgfopts\pgfopts.sty
Package: pgfopts 2014/07/10 v2.1a LaTeX package options with pgfkeys
\pgfopts@list@add@a@toks=\toks60
\pgfopts@list@add@b@toks=\toks61
) (E:\Latex\tex/latex/tools\shellesc.sty
Package: shellesc 2023/07/08 v1.0d unified shell escape interface for LaTeX
Package shellesc Info: Unrestricted shell escape enabled on input line 75.
) (E:\Latex\tex/latex/float\float.sty
Package: float 2001/11/08 v1.3d Float enhancements (AL)
\c@float@type=\count676
\float@exts=\toks62
\float@box=\box168
\@float@everytoks=\toks63
\@floatcapt=\box169
)
\c@minted@FancyVerbLineTemp=\count677
\@float@every@listing=\toks64
\c@listing=\count678
) (E:\Latex\tex/latex/csquotes\csquotes.sty
Package: csquotes 2024-04-04 v5.2o context-sensitive quotations (JAW)
\csq@reset=\count679
\csq@gtype=\count680
\csq@glevel=\count681
\csq@qlevel=\count682
\csq@maxlvl=\count683
\csq@tshold=\count684
\csq@ltx@everypar=\toks65
 (E:\Latex\tex/latex/csquotes\csquotes.def
File: csquotes.def 2024-04-04 v5.2o csquotes generic definitions (JAW)
)
Package csquotes Info: Trying to load configuration file 'csquotes.cfg'...
Package csquotes Info: ... configuration file loaded successfully.
 (E:\Latex\tex/latex/csquotes\csquotes.cfg
File: csquotes.cfg 
)) (E:\Latex\tex/latex/caption\subcaption.sty
Package: subcaption 2023/07/28 v1.6b Sub-captions (AR)
Package caption Info: New subtype `subfigure' on input line 238.
\c@subfigure=\count685
Package caption Info: New subtype `subtable' on input line 238.
\c@subtable=\count686
)
Package csquotes Info: Checking for multilingual support...
Package csquotes Info: ... found 'babel' package.
Package csquotes Info: Adjusting default style.
Package csquotes Info: Redefining alias 'default' -> 'spanish'.
 (template.aux
LaTeX Info: Redefining \. on input line 16.
LaTeX Info: Redefining \% on input line 16.
Package babel Info: 'spanish' activates 'spanish' shorthands.
(babel)             Reported on input line 16.
 (Capitulos/analisis.aux) (Capitulos/RDMP.aux) (Capitulos/RCMP.aux))
\openout1 = `template.aux'.

LaTeX Font Info:    Checking defaults for OML/npxmi/m/it on input line 36.
LaTeX Font Info:    Trying to load font information for OML+npxmi on input line 36.
 (E:\Latex\tex/latex/newpx\omlnpxmi.fd
File: omlnpxmi.fd 2013/03/21 Fontinst v1.933 font definitions for OML/npxmi.
)
LaTeX Font Info:    ... okay on input line 36.
LaTeX Font Info:    Checking defaults for OMS/cmsy/m/n on input line 36.
LaTeX Font Info:    ... okay on input line 36.
LaTeX Font Info:    Checking defaults for OT1/cmr/m/n on input line 36.
LaTeX Font Info:    ... okay on input line 36.
LaTeX Font Info:    Checking defaults for T1/cmr/m/n on input line 36.
LaTeX Font Info:    ... okay on input line 36.
LaTeX Font Info:    Checking defaults for TS1/cmr/m/n on input line 36.
LaTeX Font Info:    ... okay on input line 36.
LaTeX Font Info:    Checking defaults for OMX/cmex/m/n on input line 36.
LaTeX Font Info:    ... okay on input line 36.
LaTeX Font Info:    Checking defaults for U/npxexa/m/n on input line 36.
LaTeX Font Info:    Trying to load font information for U+npxexa on input line 36.
 (E:\Latex\tex/latex/newpx\unpxexa.fd
File: unpxexa.fd 2013/03/24 Fontinst v1.933 font definitions for U/npxexa.
)
LaTeX Font Info:    ... okay on input line 36.
LaTeX Font Info:    Checking defaults for LMS/npxsy/m/n on input line 36.
LaTeX Font Info:    Trying to load font information for LMS+npxsy on input line 36.
 (E:\Latex\tex/latex/newpx\lmsnpxsy.fd
File: lmsnpxsy.fd 2016/07/04 Fontinst v1.933 font definitions for LMS/npxsy.
)
LaTeX Font Info:    ... okay on input line 36.
LaTeX Font Info:    Checking defaults for LMX/npxexx/m/n on input line 36.
LaTeX Font Info:    Trying to load font information for LMX+npxexx on input line 36.
 (E:\Latex\tex/latex/newpx\lmxnpxexx.fd
File: lmxnpxexx.fd 2016/07/04 Fontinst v1.933 font definitions for LMX/npxexx.
)
LaTeX Font Info:    ... okay on input line 36.
LaTeX Font Info:    Checking defaults for PD1/pdf/m/n on input line 36.
LaTeX Font Info:    ... okay on input line 36.
LaTeX Font Info:    Checking defaults for PU/pdf/m/n on input line 36.
LaTeX Font Info:    ... okay on input line 36.
 (E:\Latex\tex/context/base/mkii\supp-pdf.mkii
[Loading MPS to PDF converter (version 2006.09.02).]
\scratchcounter=\count687
\scratchdimen=\dimen395
\scratchbox=\box170
\nofMPsegments=\count688
\nofMParguments=\count689
\everyMPshowfont=\toks66
\MPscratchCnt=\count690
\MPscratchDim=\dimen396
\MPnumerator=\count691
\makeMPintoPDFobject=\count692
\everyMPtoPDFconversion=\toks67
) (E:\Latex\tex/latex/epstopdf-pkg\epstopdf-base.sty
Package: epstopdf-base 2020-01-24 v2.11 Base part for package epstopdf
Package epstopdf-base Info: Redefining graphics rule for `.eps' on input line 485.
 (E:\Latex\tex/latex/00miktex\epstopdf-sys.cfg
File: epstopdf-sys.cfg 2021/03/18 v2.0 Configuration of epstopdf for MiKTeX
))
LaTeX Info: Redefining \. on input line 36.
LaTeX Info: Redefining \% on input line 36.

*geometry* driver: auto-detecting
*geometry* detected driver: pdftex
*geometry* verbose mode - [ preamble ] result:
* driver: pdftex
* paper: <default>
* layout: <same size as paper>
* layoutoffset:(h,v)=(0.0pt,0.0pt)
* modes: 
* h-part:(L,W,R)=(61.42993pt, 491.43513pt, 61.42993pt)
* v-part:(T,H,B)=(61.42993pt, 676.63455pt, 56.9055pt)
* \paperwidth=614.295pt
* \paperheight=794.96999pt
* \textwidth=491.43513pt
* \textheight=676.63455pt
* \oddsidemargin=-10.84006pt
* \evensidemargin=-10.84006pt
* \topmargin=-47.84006pt
* \headheight=12.0pt
* \headsep=25.0pt
* \topskip=10.0pt
* \footskip=14.45377pt
* \marginparwidth=65.0pt
* \marginparsep=11.0pt
* \columnsep=10.0pt
* \skip\footins=9.0pt plus 4.0pt minus 2.0pt
* \hoffset=0.0pt
* \voffset=0.0pt
* \mag=1000
* \@twocolumnfalse
* \@twosidefalse
* \@mparswitchfalse
* \@reversemarginfalse
* (1in=72.27pt=25.4mm, 1cm=28.453pt)

LaTeX Info: Command `\dddot' is already robust on input line 36.
LaTeX Info: Command `\ddddot' is already robust on input line 36.
Package hyperref Info: Link coloring ON on input line 36.
\c@lstlisting=\count693
(E:\Latex\tex/latex/translations/dicts\translations-basic-dictionary-spanish.trsl
File: translations-basic-dictionary-spanish.trsl (spanish translation file `translations-basic-dictionary')
)
Package translations Info: loading dictionary `translations-basic-dictionary' for `spanish'. on input line 36.
Package biblatex Info: Trying to load language 'spanish' -> 'spanish-apa'...
Package biblatex Info: ... file 'spanish-apa.lbx' found.
 (E:\Latex\tex/latex/biblatex-apa\spanish-apa.lbx
File: spanish-apa.lbx 2025/08/27 v9.20 APA biblatex localisation
Package biblatex Info: Trying to load language 'spanish'...
Package biblatex Info: ... file 'spanish.lbx' found.
 (E:\Latex\tex/latex/biblatex/lbx\spanish.lbx
File: spanish.lbx 2025/07/10 v3.21 biblatex localization (PK/MW)
)
Package biblatex Info: Trying to load language 'spanish'...
Package biblatex Info: ... file 'spanish.lbx' found.
 (E:\Latex\tex/latex/biblatex/lbx\spanish.lbx
File: spanish.lbx 2025/07/10 v3.21 biblatex localization (PK/MW)
))
Package biblatex Info: Input encoding 'utf8' detected.
Package biblatex Info: Automatic encoding selection.
(biblatex)             Assuming data encoding 'utf8'.
\openout5 = `template.bcf'.

Package biblatex Info: Trying to load bibliographic data...
Package biblatex Info: ... file 'template.bbl' found.
 (template.bbl)
Package biblatex Info: Reference section=0 on input line 36.
Package biblatex Info: Reference segment=0 on input line 36.
Package caption Info: Begin \AtBeginDocument code.
Package caption Info: float package is loaded.
Package caption Info: End \AtBeginDocument code.
LaTeX Font Info:    Trying to load font information for OT1+lmr on input line 39.
 (E:\Latex\tex/latex/lm\ot1lmr.fd
File: ot1lmr.fd 2015/05/01 v1.6.1 Font defs for Latin Modern
)
LaTeX Font Info:    Trying to load font information for U+msa on input line 39.
 (E:\Latex\tex/latex/amsfonts\umsa.fd
File: umsa.fd 2013/01/14 v3.01 AMS symbols A
)
LaTeX Font Info:    Trying to load font information for U+msb on input line 39.
 (E:\Latex\tex/latex/amsfonts\umsb.fd
File: umsb.fd 2013/01/14 v3.01 AMS symbols B
)
LaTeX Font Info:    Trying to load font information for U+npxmia on input line 39.
 (E:\Latex\tex/latex/newpx\unpxmia.fd
File: unpxmia.fd 2013/03/24 Fontinst v1.933 font definitions for U/npxmia.
)
LaTeX Font Info:    Trying to load font information for U+npxsym on input line 39.
 (E:\Latex\tex/latex/newpx\unpxsym.fd
File: unpxsym.fd 2023/08/16 Fontinst v1.933 font definitions for U/npxsym.
)
LaTeX Font Info:    Trying to load font information for U+npxsyc on input line 39.
 (E:\Latex\tex/latex/newpx\unpxsyc.fd
File: unpxsyc.fd 2013/03/24 Fontinst v1.933 font definitions for U/npxsyc.
) [1

{C:/Users/chris/AppData/Local/MiKTeX/fonts/map/pdftex/pdftex.map}{E:/Latex/fonts/enc/dvips/lm/lm-ec.enc}]

LaTeX Font Warning: Font shape `T1/lmr/bx/sc' undefined
(Font)              using `T1/lmr/bx/n' instead on input line 43.

Missing character: There is no ; in font nullfont!
Missing character: There is no ; in font nullfont!
(template.toc
LaTeX Info: Redefining \sptext on input line 1.
LaTeX Info: Redefining \. on input line 1.
LaTeX Info: Redefining \% on input line 1.

Missing character: There is no ; in font nullfont!

Underfull \hbox (badness 10000) in paragraph at lines 4--6
 
 []


Underfull \hbox (badness 10000) in paragraph at lines 7--9
 
 []


Overfull \hbox (5.0pt too wide) detected at line 9
 []\T1/lmr/m/n/10 6
 []


Overfull \hbox (5.0pt too wide) detected at line 10
 []\T1/lmr/m/n/10 7
 []


Overfull \hbox (5.0pt too wide) detected at line 11
 []\T1/lmr/m/n/10 7
 []

Missing character: There is no ; in font nullfont!

Underfull \hbox (badness 10000) in paragraph at lines 13--16
 
 []

Missing character: There is no ; in font nullfont!
)
\tf@toc=\write7
\openout7 = `template.toc'.


pdfTeX warning (ext4): destination with the same identifier (name{page.1}) has been already used, duplicate ignored
<to be read again> 
                   \relax 
l.45 \graphicspath
                  { {./Imagenes/} } [1

]
\openout2 = `Capitulos/analisis.aux'.

 (Capitulos/analisis.tex
Cap\'{\i }tulo 1.
[2


{E:/Latex/fonts/enc/dvips/newpx/px-lms.enc}]
<./Imagenes/RMP.PNG, id=113, 1312.905pt x 402.90524pt>
File: ./Imagenes/RMP.PNG Graphic file (type png)
<use ./Imagenes/RMP.PNG>
Package pdftex.def Info: ./Imagenes/RMP.PNG  used on input line 48.
(pdftex.def)             Requested size: 491.43513pt x 150.81244pt.
<./Imagenes/RFP.png, id=115, 615.4995pt x 316.18124pt>
File: ./Imagenes/RFP.png Graphic file (type png)
<use ./Imagenes/RFP.png>
Package pdftex.def Info: ./Imagenes/RFP.png  used on input line 57.
(pdftex.def)             Requested size: 393.1496pt x 201.96933pt.
 [3 <./Imagenes/RMP.PNG> <./Imagenes/RFP.png>] [4]
LaTeX Font Info:    Trying to load font information for T1+lmss on input line 114.
 (E:\Latex\tex/latex/lm\t1lmss.fd
File: t1lmss.fd 2015/05/01 v1.6.1 Font defs for Latin Modern
) [5{E:/Latex/fonts/enc/dvips/lm/lm-rm.enc}] [6] [7]
\g__tikzsymbols_savebox_F_0 g 0 G_10_Laughey_1_none_none_box=\box171
 [8])
\openout2 = `Capitulos/RDMP.aux'.

 (Capitulos/RDMP.tex
Cap\'{\i }tulo 2.

Underfull \hbox (badness 10000) in paragraph at lines 8--11

 []

[9




] [10] [11] [12] [13]
<./Imagenes/irreversible.jpg, id=276, 616.704pt x 336.65775pt>
File: ./Imagenes/irreversible.jpg Graphic file (type jpg)
<use ./Imagenes/irreversible.jpg>
Package pdftex.def Info: ./Imagenes/irreversible.jpg  used on input line 302.
(pdftex.def)             Requested size: 319.42982pt x 174.3798pt.


LaTeX Warning: `h' float specifier changed to `ht'.

[14] [15 <./Imagenes/irreversible.jpg>] [16]
\pydata@fh@0=\write8
\openout8 = `_66F6181BCB4CFF4CD38FBC804A036DB6.data.minted'.

runsystem(latexminted config  --timestamp 20260414071624 66F6181BCB4CFF4CD38FBC804A036DB6)...executed.

 (_66F6181BCB4CFF4CD38FBC804A036DB6.config.minted)
runsystem(latexminted cleanconfig  --timestamp 20260414071624 66F6181BCB4CFF4CD38FBC804A036DB6)...executed.

 (_minted/default.style.minted) (_minted/56873C1834805CA11618C54BD25FCEA2.highlight.minted
LaTeX Font Info:    Trying to load font information for T1+lmtt on input line 1.
 (E:\Latex\tex/latex/lm\t1lmtt.fd
File: t1lmtt.fd 2015/05/01 v1.6.1 Font defs for Latin Modern
)
LaTeX Font Info:    Font shape `T1/lmtt/bx/n' in size <9> not available
(Font)              Font shape `T1/lmtt/b/n' tried instead on input line 11.
LaTeX Font Info:    Trying to load font information for TS1+lmtt on input line 48.
 (E:\Latex\tex/latex/lm\ts1lmtt.fd
File: ts1lmtt.fd 2015/05/01 v1.6.1 Font defs for Latin Modern
) [17{E:/Latex/fonts/enc/dvips/lm/lm-ts1.enc}])
<./Imagenes/RDMP_1.1.png, id=331, 345.08925pt x 268.6035pt>
File: ./Imagenes/RDMP_1.1.png Graphic file (type png)
<use ./Imagenes/RDMP_1.1.png>
Package pdftex.def Info: ./Imagenes/RDMP_1.1.png  used on input line 463.
(pdftex.def)             Requested size: 294.86407pt x 229.52722pt.
<./Imagenes/RDMP_1.2.png, id=332, 324.0105pt x 269.808pt>
File: ./Imagenes/RDMP_1.2.png Graphic file (type png)
<use ./Imagenes/RDMP_1.2.png>
Package pdftex.def Info: ./Imagenes/RDMP_1.2.png  used on input line 463.
(pdftex.def)             Requested size: 294.86407pt x 245.54213pt.
 [18 <./Imagenes/RDMP_1.1.png> <./Imagenes/RDMP_1.2.png>] (_minted/3757BF0A907F43A3793C50F3BA919690.highlight.minted [19])
<./Imagenes/RDMP_2.1.png, id=349, 1169.5695pt x 493.24275pt>
File: ./Imagenes/RDMP_2.1.png Graphic file (type png)
<use ./Imagenes/RDMP_2.1.png>
Package pdftex.def Info: ./Imagenes/RDMP_2.1.png  used on input line 615.
(pdftex.def)             Requested size: 491.43513pt x 207.25085pt.
 [20]
<./Imagenes/RDMP_2.2.png, id=354, 612.2875pt x 461.725pt>
File: ./Imagenes/RDMP_2.2.png Graphic file (type png)
<use ./Imagenes/RDMP_2.2.png>
Package pdftex.def Info: ./Imagenes/RDMP_2.2.png  used on input line 640.
(pdftex.def)             Requested size: 294.86407pt x 222.3582pt.
<./Imagenes/RDMP_2.3.png, id=355, 612.2875pt x 461.725pt>
File: ./Imagenes/RDMP_2.3.png Graphic file (type png)
<use ./Imagenes/RDMP_2.3.png>
Package pdftex.def Info: ./Imagenes/RDMP_2.3.png  used on input line 640.
(pdftex.def)             Requested size: 294.86407pt x 222.3582pt.
LaTeX Font Info:    Trying to load font information for TS1+lmr on input line 658.
 (E:\Latex\tex/latex/lm\ts1lmr.fd
File: ts1lmr.fd 2015/05/01 v1.6.1 Font defs for Latin Modern
) [21 <./Imagenes/RDMP_2.1.png> <./Imagenes/RDMP_2.2.png> <./Imagenes/RDMP_2.3.png>] (_minted/243B8E281F5EAE91C0E3BFAE12B56019.highlight.minted [22])
<./Imagenes/RDMP_3.1A.png, id=373, 612.2875pt x 461.725pt>
File: ./Imagenes/RDMP_3.1A.png Graphic file (type png)
<use ./Imagenes/RDMP_3.1A.png>
Package pdftex.def Info: ./Imagenes/RDMP_3.1A.png  used on input line 756.
(pdftex.def)             Requested size: 294.86407pt x 222.3582pt.
<./Imagenes/RDMP_3.2A.png, id=374, 612.2875pt x 461.725pt>
File: ./Imagenes/RDMP_3.2A.png Graphic file (type png)
<use ./Imagenes/RDMP_3.2A.png>
Package pdftex.def Info: ./Imagenes/RDMP_3.2A.png  used on input line 756.
(pdftex.def)             Requested size: 294.86407pt x 222.3582pt.
 [23 <./Imagenes/RDMP_3.1A.png> <./Imagenes/RDMP_3.2A.png>] (_minted/AD67DD0C2BD6FE7DA621B83B30B3B5E9.highlight.minted [24])
<./Imagenes/RDMP_3.1BREAL.png, id=390, 612.2875pt x 461.725pt>
File: ./Imagenes/RDMP_3.1BREAL.png Graphic file (type png)
<use ./Imagenes/RDMP_3.1BREAL.png>
Package pdftex.def Info: ./Imagenes/RDMP_3.1BREAL.png  used on input line 870.
(pdftex.def)             Requested size: 235.88676pt x 177.88092pt.
<./Imagenes/RDMP_3.2BREAL.png, id=391, 612.2875pt x 461.725pt>
File: ./Imagenes/RDMP_3.2BREAL.png Graphic file (type png)
<use ./Imagenes/RDMP_3.2BREAL.png>
Package pdftex.def Info: ./Imagenes/RDMP_3.2BREAL.png  used on input line 876.
(pdftex.def)             Requested size: 235.88676pt x 177.88092pt.


LaTeX Warning: `!h' float specifier changed to `!ht'.

<./Imagenes/RDMP_3.3BREAL.png, id=392, 612.2875pt x 461.725pt>
File: ./Imagenes/RDMP_3.3BREAL.png Graphic file (type png)
<use ./Imagenes/RDMP_3.3BREAL.png>
Package pdftex.def Info: ./Imagenes/RDMP_3.3BREAL.png  used on input line 883.
(pdftex.def)             Requested size: 319.42982pt x 240.88042pt.

LaTeX Warning: `!h' float specifier changed to `!ht'.

[25] (_minted/581BD93202BD91AE29B565EA9BA48035.highlight.minted [26 <./Imagenes/RDMP_3.1BREAL.png> <./Imagenes/RDMP_3.2BREAL.png> <./Imagenes/RDMP_3.3BREAL.png>] [27] [28])
<./Imagenes/RDMP_3.1CREAL.png, id=417, 612.2875pt x 461.725pt>
File: ./Imagenes/RDMP_3.1CREAL.png Graphic file (type png)
<use ./Imagenes/RDMP_3.1CREAL.png>
Package pdftex.def Info: ./Imagenes/RDMP_3.1CREAL.png  used on input line 1062.
(pdftex.def)             Requested size: 235.88676pt x 177.88092pt.
<./Imagenes/RDMP_3.2CREAL.png, id=418, 612.2875pt x 461.725pt>
File: ./Imagenes/RDMP_3.2CREAL.png Graphic file (type png)
<use ./Imagenes/RDMP_3.2CREAL.png>
Package pdftex.def Info: ./Imagenes/RDMP_3.2CREAL.png  used on input line 1068.
(pdftex.def)             Requested size: 235.88676pt x 177.88092pt.
<./Imagenes/RDMP_3.3CREAL.png, id=419, 612.2875pt x 461.725pt>
File: ./Imagenes/RDMP_3.3CREAL.png Graphic file (type png)
<use ./Imagenes/RDMP_3.3CREAL.png>
Package pdftex.def Info: ./Imagenes/RDMP_3.3CREAL.png  used on input line 1076.
(pdftex.def)             Requested size: 245.71756pt x 185.29262pt.
 [29 <./Imagenes/RDMP_3.1CREAL.png> <./Imagenes/RDMP_3.2CREAL.png> <./Imagenes/RDMP_3.3CREAL.png>] (_minted/4D176DB2E0761A35BF6D7251059E4601.highlight.minted [30])
<./Imagenes/RDMP_4.1.png, id=438, 612.2875pt x 461.725pt>
File: ./Imagenes/RDMP_4.1.png Graphic file (type png)
<use ./Imagenes/RDMP_4.1.png>
Package pdftex.def Info: ./Imagenes/RDMP_4.1.png  used on input line 1205.
(pdftex.def)             Requested size: 235.88676pt x 177.88092pt.
<./Imagenes/RDMP_4.2.png, id=439, 612.2875pt x 461.725pt>
File: ./Imagenes/RDMP_4.2.png Graphic file (type png)
<use ./Imagenes/RDMP_4.2.png>
Package pdftex.def Info: ./Imagenes/RDMP_4.2.png  used on input line 1211.
(pdftex.def)             Requested size: 235.88676pt x 177.88092pt.


LaTeX Warning: `!h' float specifier changed to `!ht'.

[31] (_minted/FD178409D409C590958A971051173CC5.highlight.minted [32 <./Imagenes/RDMP_4.1.png> <./Imagenes/RDMP_4.2.png>] [33])
<Imagenes/RDMP_3.1C.png, id=459, 721.69624pt x 451.6875pt>
File: Imagenes/RDMP_3.1C.png Graphic file (type png)
<use Imagenes/RDMP_3.1C.png>
Package pdftex.def Info: Imagenes/RDMP_3.1C.png  used on input line 1357.
(pdftex.def)             Requested size: 294.86407pt x 184.5452pt.
<Imagenes/RDMP_3.2C.png, id=460, 612.2875pt x 461.725pt>
File: Imagenes/RDMP_3.2C.png Graphic file (type png)
<use Imagenes/RDMP_3.2C.png>
Package pdftex.def Info: Imagenes/RDMP_3.2C.png  used on input line 1367.
(pdftex.def)             Requested size: 235.88676pt x 177.88092pt.
<Imagenes/RDMP_3.3C.png, id=461, 699.61375pt x 451.6875pt>
File: Imagenes/RDMP_3.3C.png Graphic file (type png)
<use Imagenes/RDMP_3.3C.png>
Package pdftex.def Info: Imagenes/RDMP_3.3C.png  used on input line 1374.
(pdftex.def)             Requested size: 235.88676pt x 152.28976pt.


LaTeX Warning: `!h' float specifier changed to `!ht'.

<Imagenes/RDMP_3.4C.png, id=462, 612.2875pt x 461.725pt>
File: Imagenes/RDMP_3.4C.png Graphic file (type png)
<use Imagenes/RDMP_3.4C.png>
Package pdftex.def Info: Imagenes/RDMP_3.4C.png  used on input line 1383.
(pdftex.def)             Requested size: 294.86407pt x 222.3582pt.

LaTeX Warning: `!h' float specifier changed to `!ht'.

[34 <./Imagenes/RDMP_3.1C.png>] (_minted/732E1D0A90F59CF17DD79B6EFB1CDBB0.highlight.minted [35 <./Imagenes/RDMP_3.2C.png> <./Imagenes/RDMP_3.3C.png> <./Imagenes/RDMP_3.4C.png>] [36])
<Imagenes/RDMP_6.1.png, id=490, 612.2875pt x 461.725pt>
File: Imagenes/RDMP_6.1.png Graphic file (type png)
<use Imagenes/RDMP_6.1.png>
Package pdftex.def Info: Imagenes/RDMP_6.1.png  used on input line 1513.
(pdftex.def)             Requested size: 245.71756pt x 185.29262pt.


LaTeX Warning: `!h' float specifier changed to `!ht'.

<Imagenes/RDMP_6.2.png, id=491, 612.2875pt x 461.725pt>
File: Imagenes/RDMP_6.2.png Graphic file (type png)
<use Imagenes/RDMP_6.2.png>
Package pdftex.def Info: Imagenes/RDMP_6.2.png  used on input line 1523.
(pdftex.def)             Requested size: 235.88676pt x 177.88092pt.
<Imagenes/RDMP_6.3.png, id=492, 612.2875pt x 461.725pt>
File: Imagenes/RDMP_6.3.png Graphic file (type png)
<use Imagenes/RDMP_6.3.png>
Package pdftex.def Info: Imagenes/RDMP_6.3.png  used on input line 1530.
(pdftex.def)             Requested size: 235.88676pt x 177.88092pt.

LaTeX Warning: `!h' float specifier changed to `!ht'.

[37] (_minted/C3A945E8F4F58CC8B21363289B70249D.highlight.minted [38 <./Imagenes/RDMP_6.1.png> <./Imagenes/RDMP_6.2.png> <./Imagenes/RDMP_6.3.png>] [39])
<Imagenes/RDMP_Multi_1.png, id=513, 612.2875pt x 461.725pt>
File: Imagenes/RDMP_Multi_1.png Graphic file (type png)
<use Imagenes/RDMP_Multi_1.png>
Package pdftex.def Info: Imagenes/RDMP_Multi_1.png  used on input line 1646.
(pdftex.def)             Requested size: 245.71756pt x 185.29262pt.
 [40 <./Imagenes/RDMP_Multi_1.png>] (_minted/BC2F99B88A2D180D16892F282B5806E4.highlight.minted [41])
<Imagenes/RDMP_Multi_2.1.png, id=526, 612.2875pt x 461.725pt>
File: Imagenes/RDMP_Multi_2.1.png Graphic file (type png)
<use Imagenes/RDMP_Multi_2.1.png>
Package pdftex.def Info: Imagenes/RDMP_Multi_2.1.png  used on input line 1781.
(pdftex.def)             Requested size: 319.42982pt x 240.88042pt.


LaTeX Warning: `!h' float specifier changed to `!ht'.

<Imagenes/RDMP_Multi_2.2.png, id=527, 612.2875pt x 461.725pt>
File: Imagenes/RDMP_Multi_2.2.png Graphic file (type png)
<use Imagenes/RDMP_Multi_2.2.png>
Package pdftex.def Info: Imagenes/RDMP_Multi_2.2.png  used on input line 1789.
(pdftex.def)             Requested size: 235.88676pt x 177.88092pt.
<Imagenes/RDMP_Multi_2.3.png, id=528, 612.2875pt x 461.725pt>
File: Imagenes/RDMP_Multi_2.3.png Graphic file (type png)
<use Imagenes/RDMP_Multi_2.3.png>
Package pdftex.def Info: Imagenes/RDMP_Multi_2.3.png  used on input line 1796.
(pdftex.def)             Requested size: 235.88676pt x 177.88092pt.

LaTeX Warning: `!h' float specifier changed to `!ht'.

[42] [43 <./Imagenes/RDMP_Multi_2.1.png> <./Imagenes/RDMP_Multi_2.2.png> <./Imagenes/RDMP_Multi_2.3.png>] (_minted/2EBF330970D9BFEB19DC561845D7FA08.highlight.minted [44] [45])
<Imagenes/RDMP_O_24_1.png, id=557, 612.2875pt x 461.725pt>
File: Imagenes/RDMP_O_24_1.png Graphic file (type png)
<use Imagenes/RDMP_O_24_1.png>
Package pdftex.def Info: Imagenes/RDMP_O_24_1.png  used on input line 1948.
(pdftex.def)             Requested size: 221.1443pt x 166.76337pt.
<Imagenes/RDMP_O_2024_2.png, id=558, 612.2875pt x 461.725pt>
File: Imagenes/RDMP_O_2024_2.png Graphic file (type png)
<use Imagenes/RDMP_O_2024_2.png>
Package pdftex.def Info: Imagenes/RDMP_O_2024_2.png  used on input line 1954.
(pdftex.def)             Requested size: 221.1443pt x 166.76337pt.
<Imagenes/RDMP_O_24_3.png, id=559, 612.2875pt x 461.725pt>
File: Imagenes/RDMP_O_24_3.png Graphic file (type png)
<use Imagenes/RDMP_O_24_3.png>
Package pdftex.def Info: Imagenes/RDMP_O_24_3.png  used on input line 1963.
(pdftex.def)             Requested size: 221.1443pt x 166.76337pt.
<Imagenes/RDMP_O_2024_4.png, id=560, 612.2875pt x 450.68375pt>
File: Imagenes/RDMP_O_2024_4.png Graphic file (type png)
<use Imagenes/RDMP_O_2024_4.png>
Package pdftex.def Info: Imagenes/RDMP_O_2024_4.png  used on input line 1969.
(pdftex.def)             Requested size: 221.1443pt x 162.77553pt.

Overfull \hbox (28.68205pt too wide) in paragraph at lines 1984--2004
[] 
 []

[46 <./Imagenes/RDMP_O_24_1.png> <./Imagenes/RDMP_O_2024_2.png> <./Imagenes/RDMP_O_24_3.png> <./Imagenes/RDMP_O_2024_4.png>] [47] [48] (_minted/B269AB082C0DD4D6DDC52ED80D5CFEF0.highlight.minted [49] [50])
<Imagenes/RDMP_Multi_2025_1.png, id=625, 612.2875pt x 461.725pt>
File: Imagenes/RDMP_Multi_2025_1.png Graphic file (type png)
<use Imagenes/RDMP_Multi_2025_1.png>
Package pdftex.def Info: Imagenes/RDMP_Multi_2025_1.png  used on input line 2278.
(pdftex.def)             Requested size: 319.42982pt x 240.88042pt.


LaTeX Warning: `!h' float specifier changed to `!ht'.

<Imagenes/RDMP_Multi_2025_2.png, id=626, 612.2875pt x 461.725pt>
File: Imagenes/RDMP_Multi_2025_2.png Graphic file (type png)
<use Imagenes/RDMP_Multi_2025_2.png>
Package pdftex.def Info: Imagenes/RDMP_Multi_2025_2.png  used on input line 2284.
(pdftex.def)             Requested size: 393.1496pt x 296.47525pt.

LaTeX Warning: `!h' float specifier changed to `!ht'.

[51] [52 <./Imagenes/RDMP_Multi_2025_1.png> <./Imagenes/RDMP_Multi_2025_2.png>]) [53

]
\openout2 = `Capitulos/RCMP.aux'.

 (Capitulos/RCMP.tex
Cap\'{\i }tulo 3.
[54




]) [55] (template.aux
LaTeX Info: Redefining \sptext on input line 16.
LaTeX Info: Redefining \. on input line 16.
LaTeX Info: Redefining \% on input line 16.
 (Capitulos/analisis.aux) (Capitulos/RDMP.aux) (Capitulos/RCMP.aux))
 ***********
LaTeX2e <2025-11-01>
L3 programming layer <2025-12-29>
 ***********


LaTeX Font Warning: Some font shapes were not available, defaults substituted.

Package logreq Info: Writing requests to 'template.run.xml'.
\openout1 = `template.run.xml'.

 ) 
Here is how much of TeX's memory you used:
 60003 strings out of 467871
 1260751 string characters out of 5435692
 2364740 words of memory out of 5000000
 87633 multiletter control sequences out of 15000+600000
 791647 words of font info for 224 fonts, out of 8000000 for 9000
 1141 hyphenation exceptions out of 8191
 103i,21n,121p,983b,2906s stack positions out of 10000i,1000n,20000p,200000b,200000s
<E:/Latex/fonts/type1/public/newpx/NewPXMI.pfb><E:/Latex/fonts/type1/public/newpx/NewPXMI_gnu.pfb><E:/Latex/fonts/type1/public/amsfonts/latxfont/line10.pfb><E:/Latex/fonts/type1/public/lm/lmbx10.pfb><E:/Latex/fonts/type1/public/lm/lmbx12.pfb><E:/Latex/fonts/type1/public/lm/lmbx8.pfb><E:/Latex/fonts/type1/public/lm/lmbx9.pfb><E:/Latex/fonts/type1/public/lm/lmbxi10.pfb><E:/Latex/fonts/type1/public/lm/lmr10.pfb><E:/Latex/fonts/type1/public/lm/lmr12.pfb><E:/Latex/fonts/type1/public/lm/lmr17.pfb><E:/Latex/fonts/type1/public/lm/lmr5.pfb><E:/Latex/fonts/type1/public/lm/lmr6.pfb><E:/Latex/fonts/type1/public/lm/lmr7.pfb><E:/Latex/fonts/type1/public/lm/lmr9.pfb><E:/Latex/fonts/type1/public/lm/lmri10.pfb><E:/Latex/fonts/type1/public/lm/lmss10.pfb><E:/Latex/fonts/type1/public/lm/lmssbx10.pfb><E:/Latex/fonts/type1/public/lm/lmtk10.pfb><E:/Latex/fonts/type1/public/lm/lmtt9.pfb><E:/Latex/fonts/type1/public/lm/lmtti10.pfb><E:/Latex/fonts/type1/public/newpx/pxmiaX.pfb><E:/Latex/fonts/type1/public/newpx/pxsys.pfb><E:/Latex/fonts/type1/public/newtx/txexas.pfb><E:/Latex/fonts/type1/public/newtx/txexs.pfb><E:/Latex/fonts/type1/public/newtx/txsym.pfb>
Output written on template.pdf (56 pages, 1375495 bytes).
PDF statistics:
 908 PDF objects out of 1000 (max. 8388607)
 254 named destinations out of 1000 (max. 500000)
 650 words of extra memory for PDF output out of 10000 (max. 10000000)

